1504575248, 2017 Football Auction: Player 113778 is expired!
Tue Sep  5 01:35:13 2017: removing 113778 from auction (claimed = 1)
Tue Sep  5 01:35:13 2017	Add players_won for 113778: 20, Salt Bandits
1504575402, 2017 Football Auction: Player 114726 is expired!
1504575402, 2017 Football Auction: Player 114726 is expired!
1504575402, 2017 Football Auction: Player 114726 is expired!
1504575402, 2017 Football Auction: Player 114726 is expired!
1504575402, 2017 Football Auction: Player 114726 is expired!
1504575402, 2017 Football Auction: Player 114726 is expired!
1504575402, 2017 Football Auction: Player 114726 is expired!
1504575402, 2017 Football Auction: Player 114726 is expired!
1504575402, 2017 Football Auction: Player 114726 is expired!
1504575402, 2017 Football Auction: Player 114726 is expired!
1504575402, 2017 Football Auction: Player 114726 is expired!
1504575402, 2017 Football Auction: Player 114726 is expired!
1504575402, 2017 Football Auction: Player 114726 is expired!
1504575402, 2017 Football Auction: Player 114726 is expired!
1504575402, 2017 Football Auction: Player 114726 is expired!
1504575402, 2017 Football Auction: Player 114726 is expired!
1504575402, 2017 Football Auction: Player 114726 is expired!
1504575402, 2017 Football Auction: Player 114726 is expired!
1504575402, 2017 Football Auction: Player 114726 is expired!
Tue Sep  5 01:36:48 2017: removing 114726 from auction (claimed = 1)
Tue Sep  5 01:36:48 2017	Add players_won for 114726: 25, Salt Bandits
1504575493, 2017 Football Auction: Player 114797 is expired!
1504575493, 2017 Football Auction: Player 114797 is expired!
1504575493, 2017 Football Auction: Player 114797 is expired!
1504575493, 2017 Football Auction: Player 114797 is expired!
1504575493, 2017 Football Auction: Player 114797 is expired!
1504575493, 2017 Football Auction: Player 114797 is expired!
1504575493, 2017 Football Auction: Player 114797 is expired!
Tue Sep  5 01:38:16 2017: removing 114797 from auction (claimed = 0)
1504575673, 2017 Football Auction: Player 116292 is expired!
1504575673, 2017 Football Auction: Player 116292 is expired!
1504575673, 2017 Football Auction: Player 116292 is expired!
1504575673, 2017 Football Auction: Player 116292 is expired!
1504575673, 2017 Football Auction: Player 116292 is expired!
1504575673, 2017 Football Auction: Player 116292 is expired!
1504575673, 2017 Football Auction: Player 116292 is expired!
1504575673, 2017 Football Auction: Player 116292 is expired!
1504575673, 2017 Football Auction: Player 116292 is expired!
1504575673, 2017 Football Auction: Player 116292 is expired!
1504575673, 2017 Football Auction: Player 116292 is expired!
1504575673, 2017 Football Auction: Player 116292 is expired!
1504575673, 2017 Football Auction: Player 116292 is expired!
1504575673, 2017 Football Auction: Player 116292 is expired!
1504575673, 2017 Football Auction: Player 116292 is expired!
1504575673, 2017 Football Auction: Player 116292 is expired!
1504575673, 2017 Football Auction: Player 116292 is expired!
1504575673, 2017 Football Auction: Player 116292 is expired!
1504575673, 2017 Football Auction: Player 116292 is expired!
1504575673, 2017 Football Auction: Player 116292 is expired!
1504575673, 2017 Football Auction: Player 116292 is expired!
1504575673, 2017 Football Auction: Player 116292 is expired!
1504575673, 2017 Football Auction: Player 116292 is expired!
1504575673, 2017 Football Auction: Player 116292 is expired!
1504575673, 2017 Football Auction: Player 116292 is expired!
1504575673, 2017 Football Auction: Player 116292 is expired!
1504575673, 2017 Football Auction: Player 116292 is expired!
1504575673, 2017 Football Auction: Player 116292 is expired!
1504575673, 2017 Football Auction: Player 116292 is expired!
1504575673, 2017 Football Auction: Player 116292 is expired!
1504575673, 2017 Football Auction: Player 116292 is expired!
1504575673, 2017 Football Auction: Player 116292 is expired!
1504575673, 2017 Football Auction: Player 116292 is expired!
1504575673, 2017 Football Auction: Player 116292 is expired!
1504575673, 2017 Football Auction: Player 116292 is expired!
1504575673, 2017 Football Auction: Player 116292 is expired!
1504575673, 2017 Football Auction: Player 116292 is expired!
1504575673, 2017 Football Auction: Player 116292 is expired!
1504575673, 2017 Football Auction: Player 116292 is expired!
1504575673, 2017 Football Auction: Player 116292 is expired!
1504575673, 2017 Football Auction: Player 116292 is expired!
1504575673, 2017 Football Auction: Player 116292 is expired!
1504575673, 2017 Football Auction: Player 116292 is expired!
1504575673, 2017 Football Auction: Player 116292 is expired!
1504575673, 2017 Football Auction: Player 116292 is expired!
1504575673, 2017 Football Auction: Player 116292 is expired!
1504575673, 2017 Football Auction: Player 116292 is expired!
1504575673, 2017 Football Auction: Player 116292 is expired!
1504575673, 2017 Football Auction: Player 116292 is expired!
1504575673, 2017 Football Auction: Player 116292 is expired!
1504575673, 2017 Football Auction: Player 116292 is expired!
1504575673, 2017 Football Auction: Player 116292 is expired!
1504575673, 2017 Football Auction: Player 116292 is expired!
1504575673, 2017 Football Auction: Player 116292 is expired!
1504575673, 2017 Football Auction: Player 116292 is expired!
1504575673, 2017 Football Auction: Player 116292 is expired!
1504575673, 2017 Football Auction: Player 116292 is expired!
1504575673, 2017 Football Auction: Player 116292 is expired!
1504575673, 2017 Football Auction: Player 116292 is expired!
1504575673, 2017 Football Auction: Player 116292 is expired!
1504575673, 2017 Football Auction: Player 116292 is expired!
1504575673, 2017 Football Auction: Player 116292 is expired!
1504575673, 2017 Football Auction: Player 116292 is expired!
1504575673, 2017 Football Auction: Player 116292 is expired!
1504575673, 2017 Football Auction: Player 116292 is expired!
1504575673, 2017 Football Auction: Player 116292 is expired!
1504575673, 2017 Football Auction: Player 116292 is expired!
1504575673, 2017 Football Auction: Player 116292 is expired!
1504575673, 2017 Football Auction: Player 116292 is expired!
1504575673, 2017 Football Auction: Player 116292 is expired!
1504575673, 2017 Football Auction: Player 116292 is expired!
1504575673, 2017 Football Auction: Player 116292 is expired!
1504575673, 2017 Football Auction: Player 116292 is expired!
1504575673, 2017 Football Auction: Player 116292 is expired!
1504575673, 2017 Football Auction: Player 116292 is expired!
1504575673, 2017 Football Auction: Player 116292 is expired!
1504575673, 2017 Football Auction: Player 116292 is expired!
1504575673, 2017 Football Auction: Player 116292 is expired!
1504575673, 2017 Football Auction: Player 116292 is expired!
1504575673, 2017 Football Auction: Player 116292 is expired!
1504575673, 2017 Football Auction: Player 116292 is expired!
1504575673, 2017 Football Auction: Player 116292 is expired!
1504575673, 2017 Football Auction: Player 116292 is expired!
1504575673, 2017 Football Auction: Player 116292 is expired!
1504575673, 2017 Football Auction: Player 116292 is expired!
1504575673, 2017 Football Auction: Player 116292 is expired!
1504575673, 2017 Football Auction: Player 116292 is expired!
1504575673, 2017 Football Auction: Player 116292 is expired!
1504575673, 2017 Football Auction: Player 116292 is expired!
1504575673, 2017 Football Auction: Player 116292 is expired!
1504575673, 2017 Football Auction: Player 116292 is expired!
1504575673, 2017 Football Auction: Player 116292 is expired!
1504575673, 2017 Football Auction: Player 116292 is expired!
1504575673, 2017 Football Auction: Player 116292 is expired!
1504575673, 2017 Football Auction: Player 116292 is expired!
1504575673, 2017 Football Auction: Player 116292 is expired!
1504575673, 2017 Football Auction: Player 116292 is expired!
1504575673, 2017 Football Auction: Player 116292 is expired!
1504575673, 2017 Football Auction: Player 116292 is expired!
1504575673, 2017 Football Auction: Player 116292 is expired!
1504575673, 2017 Football Auction: Player 116292 is expired!
1504575673, 2017 Football Auction: Player 116292 is expired!
1504575673, 2017 Football Auction: Player 116292 is expired!
1504575673, 2017 Football Auction: Player 116292 is expired!
1504575673, 2017 Football Auction: Player 116292 is expired!
1504575673, 2017 Football Auction: Player 116292 is expired!
1504575673, 2017 Football Auction: Player 116292 is expired!
1504575673, 2017 Football Auction: Player 116292 is expired!
1504575673, 2017 Football Auction: Player 116292 is expired!
1504575673, 2017 Football Auction: Player 116292 is expired!
1504575673, 2017 Football Auction: Player 116292 is expired!
1504575673, 2017 Football Auction: Player 116292 is expired!
1504575673, 2017 Football Auction: Player 116292 is expired!
1504575673, 2017 Football Auction: Player 116292 is expired!
1504575673, 2017 Football Auction: Player 116292 is expired!
1504575673, 2017 Football Auction: Player 116292 is expired!
1504575673, 2017 Football Auction: Player 116292 is expired!
1504575673, 2017 Football Auction: Player 116292 is expired!
1504575673, 2017 Football Auction: Player 116292 is expired!
1504575673, 2017 Football Auction: Player 116292 is expired!
1504575673, 2017 Football Auction: Player 116292 is expired!
1504575673, 2017 Football Auction: Player 116292 is expired!
1504575673, 2017 Football Auction: Player 116292 is expired!
1504575673, 2017 Football Auction: Player 116292 is expired!
1504575673, 2017 Football Auction: Player 116292 is expired!
1504575673, 2017 Football Auction: Player 116292 is expired!
1504575673, 2017 Football Auction: Player 116292 is expired!
1504575673, 2017 Football Auction: Player 116292 is expired!
1504575673, 2017 Football Auction: Player 116292 is expired!
1504575673, 2017 Football Auction: Player 116292 is expired!
1504575673, 2017 Football Auction: Player 116292 is expired!
1504575673, 2017 Football Auction: Player 116292 is expired!
1504575673, 2017 Football Auction: Player 116292 is expired!
1504575673, 2017 Football Auction: Player 116292 is expired!
1504575673, 2017 Football Auction: Player 116292 is expired!
1504575673, 2017 Football Auction: Player 116292 is expired!
1504575673, 2017 Football Auction: Player 116292 is expired!
1504575673, 2017 Football Auction: Player 116292 is expired!
1504575673, 2017 Football Auction: Player 116292 is expired!
1504575673, 2017 Football Auction: Player 116292 is expired!
1504575673, 2017 Football Auction: Player 116292 is expired!
1504575673, 2017 Football Auction: Player 116292 is expired!
1504575673, 2017 Football Auction: Player 116292 is expired!
1504575673, 2017 Football Auction: Player 116292 is expired!
1504575673, 2017 Football Auction: Player 116292 is expired!
1504575673, 2017 Football Auction: Player 116292 is expired!
1504575673, 2017 Football Auction: Player 116292 is expired!
1504575673, 2017 Football Auction: Player 116292 is expired!
1504575673, 2017 Football Auction: Player 116292 is expired!
1504575673, 2017 Football Auction: Player 116292 is expired!
1504575673, 2017 Football Auction: Player 116292 is expired!
1504575673, 2017 Football Auction: Player 116292 is expired!
1504575673, 2017 Football Auction: Player 116292 is expired!
1504575673, 2017 Football Auction: Player 116292 is expired!
1504575673, 2017 Football Auction: Player 116292 is expired!
1504575673, 2017 Football Auction: Player 116292 is expired!
1504575673, 2017 Football Auction: Player 116292 is expired!
1504575673, 2017 Football Auction: Player 116292 is expired!
1504575673, 2017 Football Auction: Player 116292 is expired!
1504575673, 2017 Football Auction: Player 116292 is expired!
1504575673, 2017 Football Auction: Player 116292 is expired!
1504575673, 2017 Football Auction: Player 116292 is expired!
1504575673, 2017 Football Auction: Player 116292 is expired!
1504575673, 2017 Football Auction: Player 116292 is expired!
1504575673, 2017 Football Auction: Player 116292 is expired!
1504575673, 2017 Football Auction: Player 116292 is expired!
1504575673, 2017 Football Auction: Player 116292 is expired!
1504575673, 2017 Football Auction: Player 116292 is expired!
1504575673, 2017 Football Auction: Player 116292 is expired!
1504575673, 2017 Football Auction: Player 116292 is expired!
1504575673, 2017 Football Auction: Player 116292 is expired!
1504575673, 2017 Football Auction: Player 116292 is expired!
1504575673, 2017 Football Auction: Player 116292 is expired!
1504575673, 2017 Football Auction: Player 116292 is expired!
1504575673, 2017 Football Auction: Player 116292 is expired!
1504575673, 2017 Football Auction: Player 116292 is expired!
1504575673, 2017 Football Auction: Player 116292 is expired!
1504575673, 2017 Football Auction: Player 116292 is expired!
1504575673, 2017 Football Auction: Player 116292 is expired!
1504575673, 2017 Football Auction: Player 116292 is expired!
1504575673, 2017 Football Auction: Player 116292 is expired!
1504575673, 2017 Football Auction: Player 116292 is expired!
1504575673, 2017 Football Auction: Player 116292 is expired!
1504575673, 2017 Football Auction: Player 116292 is expired!
1504575673, 2017 Football Auction: Player 116292 is expired!
1504575673, 2017 Football Auction: Player 116292 is expired!
1504575673, 2017 Football Auction: Player 116292 is expired!
1504575673, 2017 Football Auction: Player 116292 is expired!
1504575673, 2017 Football Auction: Player 116292 is expired!
1504575673, 2017 Football Auction: Player 116292 is expired!
1504575673, 2017 Football Auction: Player 116292 is expired!
1504575673, 2017 Football Auction: Player 116292 is expired!
1504575673, 2017 Football Auction: Player 116292 is expired!
1504575673, 2017 Football Auction: Player 116292 is expired!
1504575673, 2017 Football Auction: Player 116292 is expired!
1504575673, 2017 Football Auction: Player 116292 is expired!
1504575673, 2017 Football Auction: Player 116292 is expired!
1504575673, 2017 Football Auction: Player 116292 is expired!
1504575673, 2017 Football Auction: Player 116292 is expired!
1504575673, 2017 Football Auction: Player 116292 is expired!
1504575673, 2017 Football Auction: Player 116292 is expired!
1504575673, 2017 Football Auction: Player 116292 is expired!
1504575673, 2017 Football Auction: Player 116292 is expired!
1504575673, 2017 Football Auction: Player 116292 is expired!
1504575673, 2017 Football Auction: Player 116292 is expired!
1504575673, 2017 Football Auction: Player 116292 is expired!
1504575673, 2017 Football Auction: Player 116292 is expired!
1504575673, 2017 Football Auction: Player 116292 is expired!
1504575673, 2017 Football Auction: Player 116292 is expired!
1504575673, 2017 Football Auction: Player 116292 is expired!
1504575673, 2017 Football Auction: Player 116292 is expired!
1504575673, 2017 Football Auction: Player 116292 is expired!
1504575673, 2017 Football Auction: Player 116292 is expired!
1504575673, 2017 Football Auction: Player 116292 is expired!
1504575673, 2017 Football Auction: Player 116292 is expired!
1504575673, 2017 Football Auction: Player 116292 is expired!
1504575673, 2017 Football Auction: Player 116292 is expired!
1504575673, 2017 Football Auction: Player 116292 is expired!
1504575673, 2017 Football Auction: Player 116292 is expired!
1504575673, 2017 Football Auction: Player 116292 is expired!
1504575673, 2017 Football Auction: Player 116292 is expired!
1504575673, 2017 Football Auction: Player 116292 is expired!
1504575673, 2017 Football Auction: Player 116292 is expired!
1504575673, 2017 Football Auction: Player 116292 is expired!
1504575673, 2017 Football Auction: Player 116292 is expired!
1504575673, 2017 Football Auction: Player 116292 is expired!
1504575673, 2017 Football Auction: Player 116292 is expired!
1504575673, 2017 Football Auction: Player 116292 is expired!
1504575673, 2017 Football Auction: Player 116292 is expired!
1504575673, 2017 Football Auction: Player 116292 is expired!
1504575673, 2017 Football Auction: Player 116292 is expired!
1504575673, 2017 Football Auction: Player 116292 is expired!
1504575673, 2017 Football Auction: Player 116292 is expired!
1504575673, 2017 Football Auction: Player 116292 is expired!
1504575673, 2017 Football Auction: Player 116292 is expired!
1504575673, 2017 Football Auction: Player 116292 is expired!
1504575673, 2017 Football Auction: Player 116292 is expired!
1504575673, 2017 Football Auction: Player 116292 is expired!
1504575673, 2017 Football Auction: Player 116292 is expired!
1504575673, 2017 Football Auction: Player 116292 is expired!
1504575673, 2017 Football Auction: Player 116292 is expired!
1504575673, 2017 Football Auction: Player 116292 is expired!
1504575673, 2017 Football Auction: Player 116292 is expired!
1504575673, 2017 Football Auction: Player 116292 is expired!
1504575673, 2017 Football Auction: Player 116292 is expired!
1504575673, 2017 Football Auction: Player 116292 is expired!
1504575673, 2017 Football Auction: Player 116292 is expired!
1504575673, 2017 Football Auction: Player 116292 is expired!
1504575673, 2017 Football Auction: Player 116292 is expired!
1504575673, 2017 Football Auction: Player 116292 is expired!
1504575673, 2017 Football Auction: Player 116292 is expired!
1504575673, 2017 Football Auction: Player 116292 is expired!
1504575673, 2017 Football Auction: Player 116292 is expired!
1504575673, 2017 Football Auction: Player 116292 is expired!
1504575673, 2017 Football Auction: Player 116292 is expired!
1504575673, 2017 Football Auction: Player 116292 is expired!
1504575673, 2017 Football Auction: Player 116292 is expired!
1504575673, 2017 Football Auction: Player 116292 is expired!
1504575673, 2017 Football Auction: Player 116292 is expired!
1504575673, 2017 Football Auction: Player 116292 is expired!
1504575673, 2017 Football Auction: Player 116292 is expired!
1504575673, 2017 Football Auction: Player 116292 is expired!
1504575673, 2017 Football Auction: Player 116292 is expired!
1504575673, 2017 Football Auction: Player 116292 is expired!
1504575673, 2017 Football Auction: Player 116292 is expired!
1504575673, 2017 Football Auction: Player 116292 is expired!
1504575673, 2017 Football Auction: Player 116292 is expired!
1504575673, 2017 Football Auction: Player 116292 is expired!
1504575673, 2017 Football Auction: Player 116292 is expired!
1504575673, 2017 Football Auction: Player 116292 is expired!
1504575673, 2017 Football Auction: Player 116292 is expired!
1504575673, 2017 Football Auction: Player 116292 is expired!
1504575673, 2017 Football Auction: Player 116292 is expired!
1504575673, 2017 Football Auction: Player 116292 is expired!
1504575673, 2017 Football Auction: Player 116292 is expired!
1504575673, 2017 Football Auction: Player 116292 is expired!
1504575673, 2017 Football Auction: Player 116292 is expired!
1504575673, 2017 Football Auction: Player 116292 is expired!
1504575673, 2017 Football Auction: Player 116292 is expired!
1504575673, 2017 Football Auction: Player 116292 is expired!
1504575673, 2017 Football Auction: Player 116292 is expired!
1504575673, 2017 Football Auction: Player 116292 is expired!
1504575673, 2017 Football Auction: Player 116292 is expired!
1504575673, 2017 Football Auction: Player 116292 is expired!
1504575673, 2017 Football Auction: Player 116292 is expired!
1504575673, 2017 Football Auction: Player 116292 is expired!
1504575673, 2017 Football Auction: Player 116292 is expired!
1504575673, 2017 Football Auction: Player 116292 is expired!
1504575673, 2017 Football Auction: Player 116292 is expired!
1504575673, 2017 Football Auction: Player 116292 is expired!
1504575673, 2017 Football Auction: Player 116292 is expired!
1504575673, 2017 Football Auction: Player 116292 is expired!
1504575673, 2017 Football Auction: Player 116292 is expired!
1504575673, 2017 Football Auction: Player 116292 is expired!
1504575673, 2017 Football Auction: Player 116292 is expired!
1504575673, 2017 Football Auction: Player 116292 is expired!
1504575673, 2017 Football Auction: Player 116292 is expired!
1504575673, 2017 Football Auction: Player 116292 is expired!
1504575673, 2017 Football Auction: Player 116292 is expired!
1504575673, 2017 Football Auction: Player 116292 is expired!
1504575673, 2017 Football Auction: Player 116292 is expired!
1504575673, 2017 Football Auction: Player 116292 is expired!
1504575673, 2017 Football Auction: Player 116292 is expired!
1504575673, 2017 Football Auction: Player 116292 is expired!
1504575673, 2017 Football Auction: Player 116292 is expired!
1504575673, 2017 Football Auction: Player 116292 is expired!
1504575673, 2017 Football Auction: Player 116292 is expired!
1504575673, 2017 Football Auction: Player 116292 is expired!
1504575673, 2017 Football Auction: Player 116292 is expired!
1504575673, 2017 Football Auction: Player 116292 is expired!
1504575673, 2017 Football Auction: Player 116292 is expired!
1504575673, 2017 Football Auction: Player 116292 is expired!
1504575673, 2017 Football Auction: Player 116292 is expired!
1504575673, 2017 Football Auction: Player 116292 is expired!
1504575673, 2017 Football Auction: Player 116292 is expired!
1504575673, 2017 Football Auction: Player 116292 is expired!
1504575673, 2017 Football Auction: Player 116292 is expired!
1504575673, 2017 Football Auction: Player 116292 is expired!
1504575673, 2017 Football Auction: Player 116292 is expired!
1504575673, 2017 Football Auction: Player 116292 is expired!
1504575673, 2017 Football Auction: Player 116292 is expired!
1504575673, 2017 Football Auction: Player 116292 is expired!
1504575673, 2017 Football Auction: Player 116292 is expired!
1504575673, 2017 Football Auction: Player 116292 is expired!
1504575673, 2017 Football Auction: Player 116292 is expired!
1504575673, 2017 Football Auction: Player 116292 is expired!
1504575673, 2017 Football Auction: Player 116292 is expired!
1504575673, 2017 Football Auction: Player 116292 is expired!
1504575673, 2017 Football Auction: Player 116292 is expired!
1504575673, 2017 Football Auction: Player 116292 is expired!
1504575673, 2017 Football Auction: Player 116292 is expired!
1504575673, 2017 Football Auction: Player 116292 is expired!
1504575673, 2017 Football Auction: Player 116292 is expired!
1504575673, 2017 Football Auction: Player 116292 is expired!
1504575673, 2017 Football Auction: Player 116292 is expired!
1504575673, 2017 Football Auction: Player 116292 is expired!
1504575673, 2017 Football Auction: Player 116292 is expired!
1504575673, 2017 Football Auction: Player 116292 is expired!
1504575673, 2017 Football Auction: Player 116292 is expired!
1504575673, 2017 Football Auction: Player 116292 is expired!
1504575673, 2017 Football Auction: Player 116292 is expired!
1504575673, 2017 Football Auction: Player 116292 is expired!
1504575673, 2017 Football Auction: Player 116292 is expired!
1504575673, 2017 Football Auction: Player 116292 is expired!
1504575673, 2017 Football Auction: Player 116292 is expired!
1504575673, 2017 Football Auction: Player 116292 is expired!
1504575673, 2017 Football Auction: Player 116292 is expired!
1504575673, 2017 Football Auction: Player 116292 is expired!
1504575673, 2017 Football Auction: Player 116292 is expired!
1504575673, 2017 Football Auction: Player 116292 is expired!
1504575673, 2017 Football Auction: Player 116292 is expired!
1504575673, 2017 Football Auction: Player 116292 is expired!
1504575673, 2017 Football Auction: Player 116292 is expired!
1504575673, 2017 Football Auction: Player 116292 is expired!
1504575673, 2017 Football Auction: Player 116292 is expired!
1504575673, 2017 Football Auction: Player 116292 is expired!
1504575673, 2017 Football Auction: Player 116292 is expired!
1504575673, 2017 Football Auction: Player 116292 is expired!
1504575673, 2017 Football Auction: Player 116292 is expired!
1504575673, 2017 Football Auction: Player 116292 is expired!
1504575673, 2017 Football Auction: Player 116292 is expired!
1504575673, 2017 Football Auction: Player 116292 is expired!
1504575673, 2017 Football Auction: Player 116292 is expired!
1504575673, 2017 Football Auction: Player 116292 is expired!
1504575673, 2017 Football Auction: Player 116292 is expired!
1504575673, 2017 Football Auction: Player 116292 is expired!
1504575673, 2017 Football Auction: Player 116292 is expired!
1504575673, 2017 Football Auction: Player 116292 is expired!
1504575673, 2017 Football Auction: Player 116292 is expired!
1504575673, 2017 Football Auction: Player 116292 is expired!
1504575673, 2017 Football Auction: Player 116292 is expired!
1504575673, 2017 Football Auction: Player 116292 is expired!
1504575673, 2017 Football Auction: Player 116292 is expired!
1504575673, 2017 Football Auction: Player 116292 is expired!
1504575673, 2017 Football Auction: Player 116292 is expired!
1504575673, 2017 Football Auction: Player 116292 is expired!
1504575673, 2017 Football Auction: Player 116292 is expired!
1504575673, 2017 Football Auction: Player 116292 is expired!
1504575673, 2017 Football Auction: Player 116292 is expired!
1504575673, 2017 Football Auction: Player 116292 is expired!
1504575673, 2017 Football Auction: Player 116292 is expired!
1504575673, 2017 Football Auction: Player 116292 is expired!
1504575673, 2017 Football Auction: Player 116292 is expired!
1504575673, 2017 Football Auction: Player 116292 is expired!
1504575673, 2017 Football Auction: Player 116292 is expired!
1504575673, 2017 Football Auction: Player 116292 is expired!
1504575673, 2017 Football Auction: Player 116292 is expired!
1504575673, 2017 Football Auction: Player 116292 is expired!
1504575673, 2017 Football Auction: Player 116292 is expired!
1504575673, 2017 Football Auction: Player 116292 is expired!
1504575673, 2017 Football Auction: Player 116292 is expired!
1504575673, 2017 Football Auction: Player 116292 is expired!
1504575673, 2017 Football Auction: Player 116292 is expired!
1504575673, 2017 Football Auction: Player 116292 is expired!
Enforcing automatic override skip for RFA 116292
Tue Sep  5 01:43:14 2017: removing 116292 from auction (claimed = 1)
Tue Sep  5 01:43:14 2017	Add players_won for 116292: 77, Woulfe Blitzer
1504576007, 2017 Football Auction: Player 113851 is expired!
Tue Sep  5 01:46:48 2017: removing 113851 from auction (claimed = 1)
Tue Sep  5 01:46:48 2017	Add players_won for 113851: 3, Salt Bandits
1504576007, 2017 Football Auction: Player 111042 is expired!
Tue Sep  5 01:46:48 2017: removing 111042 from auction (claimed = 1)
Tue Sep  5 01:46:48 2017	Add players_won for 111042: 8, Woulfe Blitzer
1504660740, 2017 Football Auction: Player 113851 is expired!
1504660740, 2017 Football Auction: Player 113851 is expired!
1504660740, 2017 Football Auction: Player 113851 is expired!
1504660740, 2017 Football Auction: Player 113851 is expired!
1504660740, 2017 Football Auction: Player 113851 is expired!
1504660740, 2017 Football Auction: Player 113851 is expired!
1504660740, 2017 Football Auction: Player 113851 is expired!
1504660740, 2017 Football Auction: Player 113851 is expired!
1504660740, 2017 Football Auction: Player 113851 is expired!
1504660740, 2017 Football Auction: Player 113851 is expired!
1504660740, 2017 Football Auction: Player 113851 is expired!
1504660740, 2017 Football Auction: Player 113851 is expired!
1504660740, 2017 Football Auction: Player 113851 is expired!
1504660740, 2017 Football Auction: Player 113851 is expired!
1504660740, 2017 Football Auction: Player 113851 is expired!
1504660740, 2017 Football Auction: Player 113851 is expired!
1504660740, 2017 Football Auction: Player 113851 is expired!
1504660740, 2017 Football Auction: Player 113851 is expired!
1504660740, 2017 Football Auction: Player 113851 is expired!
1504660740, 2017 Football Auction: Player 113851 is expired!
1504660740, 2017 Football Auction: Player 113851 is expired!
1504660740, 2017 Football Auction: Player 113851 is expired!
1504660740, 2017 Football Auction: Player 113851 is expired!
1504660740, 2017 Football Auction: Player 113851 is expired!
Wed Sep  6 01:19:08 2017: removing 113851 from auction (claimed = 1)
Wed Sep  6 01:19:08 2017	Add players_won for 113851: 106, Boston Beast
1504660885, 2017 Football Auction: Player 116803 is expired!
1504660885, 2017 Football Auction: Player 116803 is expired!
1504660885, 2017 Football Auction: Player 116803 is expired!
1504660885, 2017 Football Auction: Player 116803 is expired!
1504660885, 2017 Football Auction: Player 116803 is expired!
1504660885, 2017 Football Auction: Player 116803 is expired!
1504660885, 2017 Football Auction: Player 116803 is expired!
1504660885, 2017 Football Auction: Player 116803 is expired!
1504660885, 2017 Football Auction: Player 116803 is expired!
1504660885, 2017 Football Auction: Player 116803 is expired!
1504660885, 2017 Football Auction: Player 116803 is expired!
1504660885, 2017 Football Auction: Player 116803 is expired!
1504660885, 2017 Football Auction: Player 116803 is expired!
Wed Sep  6 01:21:29 2017: removing 116803 from auction (claimed = 1)
Wed Sep  6 01:21:29 2017	Add players_won for 116803: 11, Steely Don
1504661048, 2017 Football Auction: Player 113778 is expired!
1504661048, 2017 Football Auction: Player 113778 is expired!
1504661048, 2017 Football Auction: Player 113778 is expired!
1504661048, 2017 Football Auction: Player 113778 is expired!
1504661048, 2017 Football Auction: Player 113778 is expired!
1504661048, 2017 Football Auction: Player 113778 is expired!
1504661048, 2017 Football Auction: Player 113778 is expired!
Wed Sep  6 01:24:10 2017: removing 113778 from auction (claimed = 1)
Wed Sep  6 01:24:10 2017	Add players_won for 113778: 26, Mr. Bananagrabber
1504661593, 2017 Football Auction: Player 116302 is expired!
1504661593, 2017 Football Auction: Player 116302 is expired!
1504661593, 2017 Football Auction: Player 116302 is expired!
1504661593, 2017 Football Auction: Player 116302 is expired!
1504661593, 2017 Football Auction: Player 116302 is expired!
1504661593, 2017 Football Auction: Player 116302 is expired!
1504661593, 2017 Football Auction: Player 116302 is expired!
1504661593, 2017 Football Auction: Player 116302 is expired!
1504661593, 2017 Football Auction: Player 116302 is expired!
1504661593, 2017 Football Auction: Player 116302 is expired!
1504661593, 2017 Football Auction: Player 116302 is expired!
1504661593, 2017 Football Auction: Player 116302 is expired!
1504661593, 2017 Football Auction: Player 116302 is expired!
1504661593, 2017 Football Auction: Player 116302 is expired!
1504661593, 2017 Football Auction: Player 116302 is expired!
1504661593, 2017 Football Auction: Player 116302 is expired!
1504661593, 2017 Football Auction: Player 116302 is expired!
1504661593, 2017 Football Auction: Player 116302 is expired!
1504661593, 2017 Football Auction: Player 116302 is expired!
1504661593, 2017 Football Auction: Player 116302 is expired!
1504661593, 2017 Football Auction: Player 116302 is expired!
1504661593, 2017 Football Auction: Player 116302 is expired!
1504661593, 2017 Football Auction: Player 116302 is expired!
1504661593, 2017 Football Auction: Player 116302 is expired!
1504661593, 2017 Football Auction: Player 116302 is expired!
1504661593, 2017 Football Auction: Player 116302 is expired!
1504661593, 2017 Football Auction: Player 116302 is expired!
1504661593, 2017 Football Auction: Player 116302 is expired!
1504661593, 2017 Football Auction: Player 116302 is expired!
Wed Sep  6 01:33:22 2017: removing 116302 from auction (claimed = 1)
Wed Sep  6 01:33:22 2017	Add players_won for 116302: 26, Mr. Bananagrabber
1504661756, 2017 Football Auction: Player 110988 is expired!
1504661756, 2017 Football Auction: Player 110988 is expired!
1504661756, 2017 Football Auction: Player 110988 is expired!
1504661756, 2017 Football Auction: Player 110988 is expired!
1504661756, 2017 Football Auction: Player 110988 is expired!
1504661756, 2017 Football Auction: Player 110988 is expired!
1504661756, 2017 Football Auction: Player 110988 is expired!
1504661756, 2017 Football Auction: Player 110988 is expired!
1504661756, 2017 Football Auction: Player 110988 is expired!
1504661756, 2017 Football Auction: Player 110988 is expired!
1504661756, 2017 Football Auction: Player 110988 is expired!
1504661756, 2017 Football Auction: Player 110988 is expired!
1504661756, 2017 Football Auction: Player 110988 is expired!
1504661756, 2017 Football Auction: Player 110988 is expired!
1504661756, 2017 Football Auction: Player 110988 is expired!
1504661756, 2017 Football Auction: Player 110988 is expired!
1504661756, 2017 Football Auction: Player 110988 is expired!
1504661756, 2017 Football Auction: Player 110988 is expired!
1504661756, 2017 Football Auction: Player 110988 is expired!
1504661756, 2017 Football Auction: Player 110988 is expired!
1504661756, 2017 Football Auction: Player 110988 is expired!
1504661756, 2017 Football Auction: Player 110988 is expired!
1504661756, 2017 Football Auction: Player 110988 is expired!
1504661756, 2017 Football Auction: Player 110988 is expired!
1504661756, 2017 Football Auction: Player 110988 is expired!
1504661756, 2017 Football Auction: Player 110988 is expired!
1504661756, 2017 Football Auction: Player 110988 is expired!
1504661756, 2017 Football Auction: Player 110988 is expired!
1504661756, 2017 Football Auction: Player 110988 is expired!
1504661756, 2017 Football Auction: Player 110988 is expired!
1504661756, 2017 Football Auction: Player 110988 is expired!
1504661756, 2017 Football Auction: Player 110988 is expired!
1504661756, 2017 Football Auction: Player 110988 is expired!
1504661756, 2017 Football Auction: Player 110988 is expired!
1504661756, 2017 Football Auction: Player 110988 is expired!
1504661756, 2017 Football Auction: Player 110988 is expired!
1504661756, 2017 Football Auction: Player 110988 is expired!
1504661756, 2017 Football Auction: Player 110988 is expired!
1504661756, 2017 Football Auction: Player 110988 is expired!
1504661756, 2017 Football Auction: Player 110988 is expired!
1504661756, 2017 Football Auction: Player 110988 is expired!
1504661756, 2017 Football Auction: Player 110988 is expired!
1504661756, 2017 Football Auction: Player 110988 is expired!
1504661756, 2017 Football Auction: Player 110988 is expired!
Wed Sep  6 01:36:10 2017: removing 110988 from auction (claimed = 1)
Wed Sep  6 01:36:10 2017	Add players_won for 110988: 3, Mr. Bananagrabber
1504661981, 2017 Football Auction: Player 111304 is expired!
1504661981, 2017 Football Auction: Player 111304 is expired!
1504661981, 2017 Football Auction: Player 111304 is expired!
1504661981, 2017 Football Auction: Player 111304 is expired!
1504661981, 2017 Football Auction: Player 111304 is expired!
1504661981, 2017 Football Auction: Player 111304 is expired!
1504661981, 2017 Football Auction: Player 111304 is expired!
1504661981, 2017 Football Auction: Player 111304 is expired!
1504661981, 2017 Football Auction: Player 111304 is expired!
1504661981, 2017 Football Auction: Player 111304 is expired!
1504661981, 2017 Football Auction: Player 111304 is expired!
1504661981, 2017 Football Auction: Player 111304 is expired!
1504661981, 2017 Football Auction: Player 111304 is expired!
Wed Sep  6 01:39:45 2017: removing 111304 from auction (claimed = 1)
Wed Sep  6 01:39:45 2017	Add players_won for 111304: 8, Salt Bandits
1504662308, 2017 Football Auction: Player 114688 is expired!
1504662308, 2017 Football Auction: Player 114688 is expired!
1504662308, 2017 Football Auction: Player 114688 is expired!
1504662308, 2017 Football Auction: Player 114688 is expired!
1504662308, 2017 Football Auction: Player 114688 is expired!
1504662308, 2017 Football Auction: Player 114688 is expired!
1504662308, 2017 Football Auction: Player 114688 is expired!
1504662308, 2017 Football Auction: Player 114688 is expired!
1504662308, 2017 Football Auction: Player 114688 is expired!
1504662308, 2017 Football Auction: Player 114688 is expired!
1504662308, 2017 Football Auction: Player 114688 is expired!
1504662308, 2017 Football Auction: Player 114688 is expired!
1504662308, 2017 Football Auction: Player 114688 is expired!
1504662308, 2017 Football Auction: Player 114688 is expired!
1504662308, 2017 Football Auction: Player 114688 is expired!
1504662308, 2017 Football Auction: Player 114688 is expired!
Wed Sep  6 01:45:13 2017: removing 114688 from auction (claimed = 1)
Wed Sep  6 01:45:13 2017	Add players_won for 114688: 57, CRACK
1504662447, 2017 Football Auction: Player 116324 is expired!
1504662447, 2017 Football Auction: Player 116324 is expired!
1504662447, 2017 Football Auction: Player 116324 is expired!
1504662447, 2017 Football Auction: Player 116324 is expired!
1504662447, 2017 Football Auction: Player 116324 is expired!
1504662447, 2017 Football Auction: Player 116324 is expired!
1504662447, 2017 Football Auction: Player 116324 is expired!
1504662447, 2017 Football Auction: Player 116324 is expired!
1504662447, 2017 Football Auction: Player 116324 is expired!
1504662447, 2017 Football Auction: Player 116324 is expired!
1504662447, 2017 Football Auction: Player 116324 is expired!
1504662447, 2017 Football Auction: Player 116324 is expired!
Wed Sep  6 01:47:31 2017: removing 116324 from auction (claimed = 1)
Wed Sep  6 01:47:31 2017	Add players_won for 116324: 29, Woulfe Blitzer
1504662701, 2017 Football Auction: Player 116871 is expired!
1504662701, 2017 Football Auction: Player 116871 is expired!
1504662701, 2017 Football Auction: Player 116871 is expired!
1504662701, 2017 Football Auction: Player 116871 is expired!
1504662701, 2017 Football Auction: Player 116871 is expired!
1504662701, 2017 Football Auction: Player 116871 is expired!
1504662701, 2017 Football Auction: Player 116871 is expired!
1504662701, 2017 Football Auction: Player 116871 is expired!
1504662701, 2017 Football Auction: Player 116871 is expired!
1504662701, 2017 Football Auction: Player 116871 is expired!
1504662701, 2017 Football Auction: Player 116871 is expired!
1504662701, 2017 Football Auction: Player 116871 is expired!
1504662701, 2017 Football Auction: Player 116871 is expired!
1504662701, 2017 Football Auction: Player 116871 is expired!
Wed Sep  6 01:51:46 2017: removing 116871 from auction (claimed = 1)
Wed Sep  6 01:51:46 2017	Add players_won for 116871: 25, Mr. Krabs
1504662927, 2017 Football Auction: Player 116482 is expired!
1504662927, 2017 Football Auction: Player 116482 is expired!
1504662927, 2017 Football Auction: Player 116482 is expired!
1504662927, 2017 Football Auction: Player 116482 is expired!
1504662927, 2017 Football Auction: Player 116482 is expired!
1504662927, 2017 Football Auction: Player 116482 is expired!
1504662927, 2017 Football Auction: Player 116482 is expired!
1504662927, 2017 Football Auction: Player 116482 is expired!
1504662927, 2017 Football Auction: Player 116482 is expired!
1504662927, 2017 Football Auction: Player 116482 is expired!
1504662927, 2017 Football Auction: Player 116482 is expired!
1504662927, 2017 Football Auction: Player 116482 is expired!
1504662927, 2017 Football Auction: Player 116482 is expired!
Wed Sep  6 01:55:31 2017: removing 116482 from auction (claimed = 1)
Wed Sep  6 01:55:31 2017	Add players_won for 116482: 105, Mr. Krabs
1504663082, 2017 Football Auction: Player 116372 is expired!
1504663082, 2017 Football Auction: Player 116372 is expired!
1504663082, 2017 Football Auction: Player 116372 is expired!
1504663082, 2017 Football Auction: Player 116372 is expired!
1504663082, 2017 Football Auction: Player 116372 is expired!
1504663082, 2017 Football Auction: Player 116372 is expired!
1504663082, 2017 Football Auction: Player 116372 is expired!
1504663082, 2017 Football Auction: Player 116372 is expired!
1504663082, 2017 Football Auction: Player 116372 is expired!
1504663082, 2017 Football Auction: Player 116372 is expired!
1504663082, 2017 Football Auction: Player 116372 is expired!
1504663082, 2017 Football Auction: Player 116372 is expired!
1504663082, 2017 Football Auction: Player 116372 is expired!
1504663082, 2017 Football Auction: Player 116372 is expired!
1504663082, 2017 Football Auction: Player 116372 is expired!
1504663082, 2017 Football Auction: Player 116372 is expired!
1504663082, 2017 Football Auction: Player 116372 is expired!
1504663082, 2017 Football Auction: Player 116372 is expired!
1504663082, 2017 Football Auction: Player 116372 is expired!
1504663082, 2017 Football Auction: Player 116372 is expired!
1504663082, 2017 Football Auction: Player 116372 is expired!
1504663082, 2017 Football Auction: Player 116372 is expired!
1504663082, 2017 Football Auction: Player 116372 is expired!
1504663082, 2017 Football Auction: Player 116372 is expired!
1504663082, 2017 Football Auction: Player 116372 is expired!
Wed Sep  6 01:58:10 2017: removing 116372 from auction (claimed = 1)
Wed Sep  6 01:58:10 2017	Add players_won for 116372: 21, Cannons
1504663263, 2017 Football Auction: Player 114726 is expired!
1504663263, 2017 Football Auction: Player 114726 is expired!
1504663263, 2017 Football Auction: Player 114726 is expired!
1504663263, 2017 Football Auction: Player 114726 is expired!
1504663263, 2017 Football Auction: Player 114726 is expired!
1504663263, 2017 Football Auction: Player 114726 is expired!
1504663263, 2017 Football Auction: Player 114726 is expired!
1504663263, 2017 Football Auction: Player 114726 is expired!
1504663263, 2017 Football Auction: Player 114726 is expired!
1504663263, 2017 Football Auction: Player 114726 is expired!
1504663263, 2017 Football Auction: Player 114726 is expired!
1504663263, 2017 Football Auction: Player 114726 is expired!
1504663263, 2017 Football Auction: Player 114726 is expired!
1504663263, 2017 Football Auction: Player 114726 is expired!
1504663263, 2017 Football Auction: Player 114726 is expired!
1504663263, 2017 Football Auction: Player 114726 is expired!
1504663263, 2017 Football Auction: Player 114726 is expired!
1504663263, 2017 Football Auction: Player 114726 is expired!
1504663263, 2017 Football Auction: Player 114726 is expired!
1504663263, 2017 Football Auction: Player 114726 is expired!
1504663263, 2017 Football Auction: Player 114726 is expired!
Wed Sep  6 02:01:10 2017: removing 114726 from auction (claimed = 1)
Wed Sep  6 02:01:10 2017	Add players_won for 114726: 46, Woulfe Blitzer
1504663480, 2017 Football Auction: Player 111019 is expired!
1504663480, 2017 Football Auction: Player 111019 is expired!
1504663480, 2017 Football Auction: Player 111019 is expired!
1504663480, 2017 Football Auction: Player 111019 is expired!
1504663480, 2017 Football Auction: Player 111019 is expired!
1504663480, 2017 Football Auction: Player 111019 is expired!
1504663480, 2017 Football Auction: Player 111019 is expired!
1504663480, 2017 Football Auction: Player 111019 is expired!
1504663480, 2017 Football Auction: Player 111019 is expired!
1504663480, 2017 Football Auction: Player 111019 is expired!
1504663480, 2017 Football Auction: Player 111019 is expired!
1504663480, 2017 Football Auction: Player 111019 is expired!
1504663480, 2017 Football Auction: Player 111019 is expired!
1504663480, 2017 Football Auction: Player 111019 is expired!
1504663480, 2017 Football Auction: Player 111019 is expired!
1504663480, 2017 Football Auction: Player 111019 is expired!
1504663480, 2017 Football Auction: Player 111019 is expired!
1504663480, 2017 Football Auction: Player 111019 is expired!
1504663480, 2017 Football Auction: Player 111019 is expired!
Wed Sep  6 02:04:46 2017: removing 111019 from auction (claimed = 1)
Wed Sep  6 02:04:46 2017	Add players_won for 111019: 5, Steely Don
1504663578, 2017 Football Auction: Player 110932 is expired!
1504663578, 2017 Football Auction: Player 110932 is expired!
1504663578, 2017 Football Auction: Player 110932 is expired!
1504663578, 2017 Football Auction: Player 110932 is expired!
1504663578, 2017 Football Auction: Player 110932 is expired!
1504663578, 2017 Football Auction: Player 110932 is expired!
1504663578, 2017 Football Auction: Player 110932 is expired!
1504663578, 2017 Football Auction: Player 110932 is expired!
1504663578, 2017 Football Auction: Player 110932 is expired!
1504663578, 2017 Football Auction: Player 110932 is expired!
1504663578, 2017 Football Auction: Player 110932 is expired!
1504663578, 2017 Football Auction: Player 110932 is expired!
1504663578, 2017 Football Auction: Player 110932 is expired!
1504663578, 2017 Football Auction: Player 110932 is expired!
Wed Sep  6 02:06:23 2017: removing 110932 from auction (claimed = 1)
Wed Sep  6 02:06:23 2017	Add players_won for 110932: 71, Steely Don
1504663727, 2017 Football Auction: Player 110960 is expired!
1504663727, 2017 Football Auction: Player 110960 is expired!
1504663727, 2017 Football Auction: Player 110960 is expired!
1504663727, 2017 Football Auction: Player 110960 is expired!
1504663727, 2017 Football Auction: Player 110960 is expired!
1504663727, 2017 Football Auction: Player 110960 is expired!
1504663727, 2017 Football Auction: Player 110960 is expired!
1504663727, 2017 Football Auction: Player 110960 is expired!
1504663727, 2017 Football Auction: Player 110960 is expired!
1504663727, 2017 Football Auction: Player 110960 is expired!
1504663727, 2017 Football Auction: Player 110960 is expired!
1504663727, 2017 Football Auction: Player 110960 is expired!
1504663727, 2017 Football Auction: Player 110960 is expired!
1504663727, 2017 Football Auction: Player 110960 is expired!
1504663727, 2017 Football Auction: Player 110960 is expired!
1504663727, 2017 Football Auction: Player 110960 is expired!
Wed Sep  6 02:08:52 2017: removing 110960 from auction (claimed = 1)
Wed Sep  6 02:08:52 2017	Add players_won for 110960: 10, Mr. Bananagrabber
1504663999, 2017 Football Auction: Player 116292 is expired!
1504663999, 2017 Football Auction: Player 116292 is expired!
1504663999, 2017 Football Auction: Player 116292 is expired!
1504663999, 2017 Football Auction: Player 116292 is expired!
1504663999, 2017 Football Auction: Player 116292 is expired!
1504663999, 2017 Football Auction: Player 116292 is expired!
1504663999, 2017 Football Auction: Player 116292 is expired!
Wed Sep  6 02:13:21 2017: removing 116292 from auction (claimed = 1)
Wed Sep  6 02:13:22 2017	Add players_won for 116292: 70, Steely Don
1504664111, 2017 Football Auction: Player 114797 is expired!
1504664111, 2017 Football Auction: Player 114797 is expired!
1504664111, 2017 Football Auction: Player 114797 is expired!
1504664111, 2017 Football Auction: Player 114797 is expired!
1504664111, 2017 Football Auction: Player 114797 is expired!
1504664111, 2017 Football Auction: Player 114797 is expired!
1504664111, 2017 Football Auction: Player 114797 is expired!
1504664111, 2017 Football Auction: Player 114797 is expired!
1504664111, 2017 Football Auction: Player 114797 is expired!
1504664111, 2017 Football Auction: Player 114797 is expired!
1504664111, 2017 Football Auction: Player 114797 is expired!
1504664111, 2017 Football Auction: Player 114797 is expired!
1504664111, 2017 Football Auction: Player 114797 is expired!
1504664111, 2017 Football Auction: Player 114797 is expired!
1504664111, 2017 Football Auction: Player 114797 is expired!
1504664111, 2017 Football Auction: Player 114797 is expired!
1504664111, 2017 Football Auction: Player 114797 is expired!
1504664111, 2017 Football Auction: Player 114797 is expired!
1504664111, 2017 Football Auction: Player 114797 is expired!
1504664111, 2017 Football Auction: Player 114797 is expired!
1504664111, 2017 Football Auction: Player 114797 is expired!
1504664111, 2017 Football Auction: Player 114797 is expired!
1504664111, 2017 Football Auction: Player 114797 is expired!
1504664111, 2017 Football Auction: Player 114797 is expired!
1504664111, 2017 Football Auction: Player 114797 is expired!
1504664111, 2017 Football Auction: Player 114797 is expired!
1504664111, 2017 Football Auction: Player 114797 is expired!
1504664111, 2017 Football Auction: Player 114797 is expired!
1504664111, 2017 Football Auction: Player 114797 is expired!
1504664111, 2017 Football Auction: Player 114797 is expired!
1504664111, 2017 Football Auction: Player 114797 is expired!
1504664111, 2017 Football Auction: Player 114797 is expired!
1504664111, 2017 Football Auction: Player 114797 is expired!
1504664111, 2017 Football Auction: Player 114797 is expired!
1504664111, 2017 Football Auction: Player 114797 is expired!
1504664111, 2017 Football Auction: Player 114797 is expired!
1504664111, 2017 Football Auction: Player 114797 is expired!
1504664111, 2017 Football Auction: Player 114797 is expired!
1504664111, 2017 Football Auction: Player 114797 is expired!
1504664111, 2017 Football Auction: Player 114797 is expired!
1504664111, 2017 Football Auction: Player 114797 is expired!
1504664111, 2017 Football Auction: Player 114797 is expired!
1504664111, 2017 Football Auction: Player 114797 is expired!
1504664111, 2017 Football Auction: Player 114797 is expired!
1504664111, 2017 Football Auction: Player 114797 is expired!
Wed Sep  6 02:15:25 2017: removing 114797 from auction (claimed = 1)
Wed Sep  6 02:15:25 2017	Add players_won for 114797: 40, Steely Don
1504664239, 2017 Football Auction: Player 116458 is expired!
1504664239, 2017 Football Auction: Player 116458 is expired!
1504664239, 2017 Football Auction: Player 116458 is expired!
1504664239, 2017 Football Auction: Player 116458 is expired!
1504664239, 2017 Football Auction: Player 116458 is expired!
1504664239, 2017 Football Auction: Player 116458 is expired!
1504664239, 2017 Football Auction: Player 116458 is expired!
1504664239, 2017 Football Auction: Player 116458 is expired!
1504664239, 2017 Football Auction: Player 116458 is expired!
1504664239, 2017 Football Auction: Player 116458 is expired!
Wed Sep  6 02:17:22 2017: removing 116458 from auction (claimed = 1)
Wed Sep  6 02:17:22 2017	Add players_won for 116458: 9, UpTheGut
1504664373, 2017 Football Auction: Player 111066 is expired!
1504664373, 2017 Football Auction: Player 111066 is expired!
1504664373, 2017 Football Auction: Player 111066 is expired!
1504664373, 2017 Football Auction: Player 111066 is expired!
1504664373, 2017 Football Auction: Player 111066 is expired!
1504664373, 2017 Football Auction: Player 111066 is expired!
1504664373, 2017 Football Auction: Player 111066 is expired!
1504664373, 2017 Football Auction: Player 111066 is expired!
Wed Sep  6 02:19:36 2017: removing 111066 from auction (claimed = 1)
Wed Sep  6 02:19:36 2017	Add players_won for 111066: 21, Tarek
1504664872, 2017 Football Auction: Player 111114 is expired!
Wed Sep  6 02:27:53 2017: removing 111114 from auction (claimed = 1)
Wed Sep  6 02:27:53 2017	Add players_won for 111114: 2.5, CRACK
1504664918, 2017 Football Auction: Player 118153 is expired!
Wed Sep  6 02:28:39 2017: removing 118153 from auction (claimed = 1)
Wed Sep  6 02:28:39 2017	Add players_won for 118153: 42, Mr. Krabs
1504664936, 2017 Football Auction: Player 111345 is expired!
Wed Sep  6 02:28:57 2017: removing 111345 from auction (claimed = 1)
Wed Sep  6 02:28:57 2017	Add players_won for 111345: 3.5, baskett case
1504665051, 2017 Football Auction: Player 115464 is expired!
Wed Sep  6 02:30:52 2017: removing 115464 from auction (claimed = 1)
Wed Sep  6 02:30:52 2017	Add players_won for 115464: 14, UpTheGut
1504665052, 2017 Football Auction: Player 113791 is expired!
Wed Sep  6 02:30:53 2017: removing 113791 from auction (claimed = 1)
Wed Sep  6 02:30:53 2017	Add players_won for 113791: 90, Salt Bandits
1504665057, 2017 Football Auction: Player 114900 is expired!
Wed Sep  6 02:30:58 2017: removing 114900 from auction (claimed = 1)
Wed Sep  6 02:30:58 2017	Add players_won for 114900: 9, Mr. Krabs
1504665072, 2017 Football Auction: Player 111042 is expired!
Wed Sep  6 02:31:13 2017: removing 111042 from auction (claimed = 1)
Wed Sep  6 02:31:13 2017	Add players_won for 111042: 34, Cannons
1504665156, 2017 Football Auction: Player 115492 is expired!
Wed Sep  6 02:32:37 2017: removing 115492 from auction (claimed = 1)
Wed Sep  6 02:32:37 2017	Add players_won for 115492: 31, baskett case
1504665189, 2017 Football Auction: Player 113584 is expired!
Wed Sep  6 02:33:10 2017: removing 113584 from auction (claimed = 1)
Wed Sep  6 02:33:10 2017	Add players_won for 113584: 44, Woulfe Blitzer
1504665205, 2017 Football Auction: Player 113728 is expired!
Wed Sep  6 02:33:26 2017: removing 113728 from auction (claimed = 1)
Wed Sep  6 02:33:26 2017	Add players_won for 113728: 113, Cannons
1504665300, 2017 Football Auction: Player 113557 is expired!
Wed Sep  6 02:35:01 2017: removing 113557 from auction (claimed = 1)
Wed Sep  6 02:35:01 2017	Add players_won for 113557: 65, Tarek
1504665342, 2017 Football Auction: Player 111275 is expired!
Wed Sep  6 02:35:43 2017: removing 111275 from auction (claimed = 1)
Wed Sep  6 02:35:43 2017	Add players_won for 111275: 1.5, UpTheGut
1504665422, 2017 Football Auction: Player 117457 is expired!
Wed Sep  6 02:37:03 2017: removing 117457 from auction (claimed = 1)
Wed Sep  6 02:37:03 2017	Add players_won for 117457: 4, CRACK
1504665426, 2017 Football Auction: Player 116461 is expired!
Wed Sep  6 02:37:07 2017: removing 116461 from auction (claimed = 1)
Wed Sep  6 02:37:07 2017	Add players_won for 116461: 6, Cannons
1504665470, 2017 Football Auction: Player 113574 is expired!
Wed Sep  6 02:37:51 2017: removing 113574 from auction (claimed = 1)
Wed Sep  6 02:37:51 2017	Add players_won for 113574: 1.5, baskett case
1504665672, 2017 Football Auction: Player 117445 is expired!
Wed Sep  6 02:41:13 2017: removing 117445 from auction (claimed = 1)
Wed Sep  6 02:41:13 2017	Add players_won for 117445: 64, Tarek
1504665673, 2017 Football Auction: Player 118064 is expired!
Wed Sep  6 02:41:14 2017: removing 118064 from auction (claimed = 1)
Wed Sep  6 02:41:14 2017	Add players_won for 118064: 42, Mr. Bananagrabber
1504665748, 2017 Football Auction: Player 116289 is expired!
Wed Sep  6 02:42:29 2017: removing 116289 from auction (claimed = 1)
Wed Sep  6 02:42:29 2017	Add players_won for 116289: 11, UpTheGut
1504665861, 2017 Football Auction: Player 115615 is expired!
Wed Sep  6 02:44:22 2017: removing 115615 from auction (claimed = 1)
Wed Sep  6 02:44:22 2017	Add players_won for 115615: 41, FLOOD
1504665939, 2017 Football Auction: Player 111939 is expired!
Wed Sep  6 02:45:40 2017: removing 111939 from auction (claimed = 1)
Wed Sep  6 02:45:40 2017	Add players_won for 111939: 4.5, Woulfe Blitzer
1504666058, 2017 Football Auction: Player 115673 is expired!
Wed Sep  6 02:47:39 2017: removing 115673 from auction (claimed = 1)
Wed Sep  6 02:47:39 2017	Add players_won for 115673: 31, Mr. Krabs
1504666082, 2017 Football Auction: Player 113569 is expired!
Wed Sep  6 02:48:03 2017: removing 113569 from auction (claimed = 1)
Wed Sep  6 02:48:03 2017	Add players_won for 113569: 41, Salt Bandits
1504666106, 2017 Football Auction: Player 114091 is expired!
Wed Sep  6 02:48:27 2017: removing 114091 from auction (claimed = 1)
Wed Sep  6 02:48:27 2017	Add players_won for 114091: 49, Boston Beast
1504666120, 2017 Football Auction: Player 114408 is expired!
Wed Sep  6 02:48:41 2017: removing 114408 from auction (claimed = 1)
Wed Sep  6 02:48:41 2017	Add players_won for 114408: 20, Cannons
1504666288, 2017 Football Auction: Player 116896 is expired!
Wed Sep  6 02:51:29 2017: removing 116896 from auction (claimed = 1)
Wed Sep  6 02:51:29 2017	Add players_won for 116896: 14, Boston Beast
1504666343, 2017 Football Auction: Player 118192 is expired!
Wed Sep  6 02:52:24 2017: removing 118192 from auction (claimed = 1)
Wed Sep  6 02:52:24 2017	Add players_won for 118192: 50, CRACK
1504666365, 2017 Football Auction: Player 116879 is expired!
Wed Sep  6 02:52:46 2017: removing 116879 from auction (claimed = 1)
Wed Sep  6 02:52:46 2017	Add players_won for 116879: 15, UpTheGut
1504666454, 2017 Football Auction: Player 117594 is expired!
Wed Sep  6 02:54:15 2017: removing 117594 from auction (claimed = 1)
Wed Sep  6 02:54:15 2017	Add players_won for 117594: 19, UpTheGut
1504666459, 2017 Football Auction: Player 116825 is expired!
Wed Sep  6 02:54:20 2017: removing 116825 from auction (claimed = 1)
Wed Sep  6 02:54:20 2017	Add players_won for 116825: 38, Mr. Bananagrabber
1504666467, 2017 Football Auction: Player 114686 is expired!
Wed Sep  6 02:54:28 2017: removing 114686 from auction (claimed = 1)
Wed Sep  6 02:54:28 2017	Add players_won for 114686: 21, baskett case
1504666474, 2017 Football Auction: Player 118029 is expired!
Wed Sep  6 02:54:35 2017: removing 118029 from auction (claimed = 1)
Wed Sep  6 02:54:35 2017	Add players_won for 118029: 45, Woulfe Blitzer
1504666527, 2017 Football Auction: Player 115578 is expired!
Wed Sep  6 02:55:28 2017: removing 115578 from auction (claimed = 1)
Wed Sep  6 02:55:28 2017	Add players_won for 115578: 0.50, Salt Bandits
1504666560, 2017 Football Auction: Player 113971 is expired!
Wed Sep  6 02:56:01 2017: removing 113971 from auction (claimed = 1)
Wed Sep  6 02:56:01 2017	Add players_won for 113971: 1.5, UpTheGut
1504666572, 2017 Football Auction: Player 114864 is expired!
Wed Sep  6 02:56:13 2017: removing 114864 from auction (claimed = 1)
Wed Sep  6 02:56:13 2017	Add players_won for 114864: 21, FLOOD
1504666575, 2017 Football Auction: Player 111302 is expired!
Wed Sep  6 02:56:16 2017: removing 111302 from auction (claimed = 1)
Wed Sep  6 02:56:16 2017	Add players_won for 111302: 6, FLOOD
1504666682, 2017 Football Auction: Player 118059 is expired!
Wed Sep  6 02:58:03 2017: removing 118059 from auction (claimed = 1)
Wed Sep  6 02:58:03 2017	Add players_won for 118059: 69, UpTheGut
1504666905, 2017 Football Auction: Player 111079 is expired!
Wed Sep  6 03:01:46 2017: removing 111079 from auction (claimed = 1)
Wed Sep  6 03:01:46 2017	Add players_won for 111079: 2.5, UpTheGut
1504666905, 2017 Football Auction: Player 110935 is expired!
Wed Sep  6 03:01:46 2017: removing 110935 from auction (claimed = 1)
Wed Sep  6 03:01:46 2017	Add players_won for 110935: 45, Mr. Bananagrabber
1504666926, 2017 Football Auction: Player 111818 is expired!
Wed Sep  6 03:02:07 2017: removing 111818 from auction (claimed = 1)
Wed Sep  6 03:02:07 2017	Add players_won for 111818: 3.5, baskett case
1504666956, 2017 Football Auction: Player 111822 is expired!
Wed Sep  6 03:02:37 2017: removing 111822 from auction (claimed = 1)
Wed Sep  6 03:02:37 2017	Add players_won for 111822: 1, Tarek
1504666957, 2017 Football Auction: Player 111145 is expired!
Wed Sep  6 03:02:38 2017: removing 111145 from auction (claimed = 1)
Wed Sep  6 03:02:38 2017	Add players_won for 111145: 3, FLOOD
1504666993, 2017 Football Auction: Player 110949 is expired!
Wed Sep  6 03:03:14 2017: removing 110949 from auction (claimed = 1)
Wed Sep  6 03:03:14 2017	Add players_won for 110949: 20, Boston Beast
1504667103, 2017 Football Auction: Player 115494 is expired!
Wed Sep  6 03:05:04 2017: removing 115494 from auction (claimed = 1)
Wed Sep  6 03:05:04 2017	Add players_won for 115494: 23, UpTheGut
1504667106, 2017 Football Auction: Player 116467 is expired!
Wed Sep  6 03:05:07 2017: removing 116467 from auction (claimed = 1)
Wed Sep  6 03:05:07 2017	Add players_won for 116467: 14, baskett case
1504667136, 2017 Football Auction: Player 113993 is expired!
Wed Sep  6 03:05:37 2017: removing 113993 from auction (claimed = 1)
Wed Sep  6 03:05:37 2017	Add players_won for 113993: 9, CRACK
1504667148, 2017 Football Auction: Player 118177 is expired!
Wed Sep  6 03:05:49 2017: removing 118177 from auction (claimed = 1)
Wed Sep  6 03:05:49 2017	Add players_won for 118177: 20, UpTheGut
1504667194, 2017 Football Auction: Player 111841 is expired!
Wed Sep  6 03:06:35 2017: removing 111841 from auction (claimed = 1)
Wed Sep  6 03:06:35 2017	Add players_won for 111841: 5, Cannons
1504667200, 2017 Football Auction: Player 116840 is expired!
Wed Sep  6 03:06:41 2017: removing 116840 from auction (claimed = 1)
Wed Sep  6 03:06:41 2017	Add players_won for 116840: 31, UpTheGut
1504667224, 2017 Football Auction: Player 113735 is expired!
Wed Sep  6 03:07:05 2017: removing 113735 from auction (claimed = 1)
Wed Sep  6 03:07:05 2017	Add players_won for 113735: 25, FLOOD
1504667265, 2017 Football Auction: Player 117522 is expired!
Wed Sep  6 03:07:46 2017: removing 117522 from auction (claimed = 1)
Wed Sep  6 03:07:46 2017	Add players_won for 117522: 5, baskett case
1504667287, 2017 Football Auction: Player 111209 is expired!
Wed Sep  6 03:08:08 2017: removing 111209 from auction (claimed = 1)
Wed Sep  6 03:08:08 2017	Add players_won for 111209: 10, Tarek
1504667311, 2017 Football Auction: Player 115596 is expired!
Wed Sep  6 03:08:32 2017: removing 115596 from auction (claimed = 1)
Wed Sep  6 03:08:32 2017	Add players_won for 115596: 1, FLOOD
1504667411, 2017 Football Auction: Player 116756 is expired!
Wed Sep  6 03:10:12 2017: removing 116756 from auction (claimed = 1)
Wed Sep  6 03:10:12 2017	Add players_won for 116756: 8, CRACK
1504667431, 2017 Football Auction: Player 110995 is expired!
Wed Sep  6 03:10:32 2017: removing 110995 from auction (claimed = 1)
Wed Sep  6 03:10:32 2017	Add players_won for 110995: 3, Woulfe Blitzer
1504667474, 2017 Football Auction: Player 117597 is expired!
Wed Sep  6 03:11:15 2017: removing 117597 from auction (claimed = 1)
Wed Sep  6 03:11:15 2017	Add players_won for 117597: 19, Salt Bandits
1504667480, 2017 Football Auction: Player 117384 is expired!
Wed Sep  6 03:11:21 2017: removing 117384 from auction (claimed = 1)
Wed Sep  6 03:11:21 2017	Add players_won for 117384: 10, Cannons
1504667511, 2017 Football Auction: Player 113560 is expired!
Wed Sep  6 03:11:52 2017: removing 113560 from auction (claimed = 1)
Wed Sep  6 03:11:52 2017	Add players_won for 113560: 24, Mr. Bananagrabber
1504667577, 2017 Football Auction: Player 115460 is expired!
Wed Sep  6 03:12:58 2017: removing 115460 from auction (claimed = 1)
Wed Sep  6 03:12:58 2017	Add players_won for 115460: 13, CRACK
1504667594, 2017 Football Auction: Player 111032 is expired!
Wed Sep  6 03:13:15 2017: removing 111032 from auction (claimed = 1)
Wed Sep  6 03:13:15 2017	Add players_won for 111032: 6, Salt Bandits
1504667601, 2017 Football Auction: Player 113959 is expired!
Wed Sep  6 03:13:22 2017: removing 113959 from auction (claimed = 1)
Wed Sep  6 03:13:22 2017	Add players_won for 113959: 8.5, FLOOD
1504667660, 2017 Football Auction: Player 113588 is expired!
Wed Sep  6 03:14:21 2017: removing 113588 from auction (claimed = 1)
Wed Sep  6 03:14:21 2017	Add players_won for 113588: 15, Tarek
1504667660, 2017 Football Auction: Player 113776 is expired!
Wed Sep  6 03:14:21 2017: removing 113776 from auction (claimed = 1)
Wed Sep  6 03:14:21 2017	Add players_won for 113776: 12, CRACK
1504667709, 2017 Football Auction: Player 113604 is expired!
Wed Sep  6 03:15:10 2017: removing 113604 from auction (claimed = 1)
Wed Sep  6 03:15:10 2017	Add players_won for 113604: 11, Cannons
1504667736, 2017 Football Auction: Player 114983 is expired!
Wed Sep  6 03:15:37 2017: removing 114983 from auction (claimed = 1)
Wed Sep  6 03:15:37 2017	Add players_won for 114983: 2.5, Mr. Bananagrabber
1504667757, 2017 Football Auction: Player 116262 is expired!
Wed Sep  6 03:15:58 2017: removing 116262 from auction (claimed = 1)
Wed Sep  6 03:15:58 2017	Add players_won for 116262: 4, baskett case
1504667802, 2017 Football Auction: Player 114308 is expired!
Wed Sep  6 03:16:43 2017: removing 114308 from auction (claimed = 1)
Wed Sep  6 03:16:43 2017	Add players_won for 114308: 0.50, Salt Bandits
1504667826, 2017 Football Auction: Player 115611 is expired!
Wed Sep  6 03:17:07 2017: removing 115611 from auction (claimed = 1)
Wed Sep  6 03:17:07 2017	Add players_won for 115611: 5, CRACK
1504667829, 2017 Football Auction: Player 115524 is expired!
Wed Sep  6 03:17:10 2017: removing 115524 from auction (claimed = 1)
Wed Sep  6 03:17:10 2017	Add players_won for 115524: 4, Woulfe Blitzer
1504667848, 2017 Football Auction: Player 111865 is expired!
Wed Sep  6 03:17:29 2017: removing 111865 from auction (claimed = 1)
Wed Sep  6 03:17:29 2017	Add players_won for 111865: 14, Mr. Krabs
1504667882, 2017 Football Auction: Player 111076 is expired!
Wed Sep  6 03:18:03 2017: removing 111076 from auction (claimed = 1)
Wed Sep  6 03:18:03 2017	Add players_won for 111076: 4, CRACK
1504667904, 2017 Football Auction: Player 116270 is expired!
Wed Sep  6 03:18:25 2017: removing 116270 from auction (claimed = 1)
Wed Sep  6 03:18:25 2017	Add players_won for 116270: 2.5, Mr. Bananagrabber
1504667958, 2017 Football Auction: Player 117593 is expired!
Wed Sep  6 03:19:19 2017: removing 117593 from auction (claimed = 1)
Wed Sep  6 03:19:19 2017	Add players_won for 117593: 0.50, Cannons
1504667995, 2017 Football Auction: Player 116298 is expired!
Wed Sep  6 03:19:56 2017: removing 116298 from auction (claimed = 1)
Wed Sep  6 03:19:56 2017	Add players_won for 116298: 9, FLOOD
1504668013, 2017 Football Auction: Player 116422 is expired!
Wed Sep  6 03:20:14 2017: removing 116422 from auction (claimed = 1)
Wed Sep  6 03:20:14 2017	Add players_won for 116422: 2.5, Tarek
1504668022, 2017 Football Auction: Player 110963 is expired!
Wed Sep  6 03:20:23 2017: removing 110963 from auction (claimed = 1)
Wed Sep  6 03:20:23 2017	Add players_won for 110963: 2.5, Tarek
1504668025, 2017 Football Auction: Player 118265 is expired!
Wed Sep  6 03:20:26 2017: removing 118265 from auction (claimed = 1)
Wed Sep  6 03:20:26 2017	Add players_won for 118265: 5, Woulfe Blitzer
1504668092, 2017 Football Auction: Player 116867 is expired!
Wed Sep  6 03:21:33 2017: removing 116867 from auction (claimed = 1)
Wed Sep  6 03:21:33 2017	Add players_won for 116867: 4, FLOOD
1504668130, 2017 Football Auction: Player 113861 is expired!
Wed Sep  6 03:22:11 2017: removing 113861 from auction (claimed = 1)
Wed Sep  6 03:22:11 2017	Add players_won for 113861: 0.50, CRACK
1504668156, 2017 Football Auction: Player 113610 is expired!
Wed Sep  6 03:22:37 2017: removing 113610 from auction (claimed = 1)
Wed Sep  6 03:22:37 2017	Add players_won for 113610: 0.50, Salt Bandits
1504668177, 2017 Football Auction: Player 118169 is expired!
Wed Sep  6 03:22:58 2017: removing 118169 from auction (claimed = 1)
Wed Sep  6 03:22:58 2017	Add players_won for 118169: 3, Salt Bandits
1504668203, 2017 Football Auction: Player 111309 is expired!
Wed Sep  6 03:23:24 2017: removing 111309 from auction (claimed = 1)
Wed Sep  6 03:23:24 2017	Add players_won for 111309: 0.50, Cannons
1504668218, 2017 Football Auction: Player 116661 is expired!
Wed Sep  6 03:23:39 2017: removing 116661 from auction (claimed = 1)
Wed Sep  6 03:23:39 2017	Add players_won for 116661: 3, Tarek
1504668248, 2017 Football Auction: Player 111062 is expired!
Wed Sep  6 03:24:09 2017: removing 111062 from auction (claimed = 1)
Wed Sep  6 03:24:09 2017	Add players_won for 111062: 4, CRACK
1504668300, 2017 Football Auction: Player 115002 is expired!
Wed Sep  6 03:25:01 2017: removing 115002 from auction (claimed = 1)
Wed Sep  6 03:25:01 2017	Add players_won for 115002: 3.5, Mr. Bananagrabber
1504668325, 2017 Football Auction: Player 118007 is expired!
Wed Sep  6 03:25:26 2017: removing 118007 from auction (claimed = 1)
Wed Sep  6 03:25:26 2017	Add players_won for 118007: 3, Mr. Krabs
1504668343, 2017 Football Auction: Player 117469 is expired!
Wed Sep  6 03:25:44 2017: removing 117469 from auction (claimed = 1)
Wed Sep  6 03:25:44 2017	Add players_won for 117469: 4, Mr. Krabs
1504668392, 2017 Football Auction: Player 111153 is expired!
Wed Sep  6 03:26:33 2017: removing 111153 from auction (claimed = 1)
Wed Sep  6 03:26:33 2017	Add players_won for 111153: 4.5, Mr. Krabs
1504668441, 2017 Football Auction: Player 117997 is expired!
Wed Sep  6 03:27:22 2017: removing 117997 from auction (claimed = 1)
Wed Sep  6 03:27:22 2017	Add players_won for 117997: 2, Cannons
1504668454, 2017 Football Auction: Player 111119 is expired!
Wed Sep  6 03:27:35 2017: removing 111119 from auction (claimed = 1)
Wed Sep  6 03:27:35 2017	Add players_won for 111119: 2, Tarek
1504668454, 2017 Football Auction: Player 114869 is expired!
Wed Sep  6 03:27:35 2017: removing 114869 from auction (claimed = 1)
Wed Sep  6 03:27:35 2017	Add players_won for 114869: 1.5, Tarek
1504668501, 2017 Football Auction: Player 115588 is expired!
Wed Sep  6 03:28:22 2017: removing 115588 from auction (claimed = 1)
Wed Sep  6 03:28:22 2017	Add players_won for 115588: 0.50, Salt Bandits
1504668546, 2017 Football Auction: Player 118102 is expired!
Wed Sep  6 03:29:07 2017: removing 118102 from auction (claimed = 1)
Wed Sep  6 03:29:07 2017	Add players_won for 118102: 8.5, Tarek
1504668618, 2017 Football Auction: Player 118245 is expired!
Wed Sep  6 03:30:19 2017: removing 118245 from auction (claimed = 1)
Wed Sep  6 03:30:19 2017	Add players_won for 118245: 0.50, Mr. Bananagrabber
1504668688, 2017 Football Auction: Player 111034 is expired!
Wed Sep  6 03:31:29 2017: removing 111034 from auction (claimed = 1)
Wed Sep  6 03:31:29 2017	Add players_won for 111034: 0.50, Cannons
1504668723, 2017 Football Auction: Player 111855 is expired!
Wed Sep  6 03:32:04 2017: removing 111855 from auction (claimed = 1)
Wed Sep  6 03:32:04 2017	Add players_won for 111855: 0.50, Mr. Krabs
1504668747, 2017 Football Auction: Player 117603 is expired!
Wed Sep  6 03:32:28 2017: removing 117603 from auction (claimed = 1)
Wed Sep  6 03:32:28 2017	Add players_won for 117603: 1.5, Mr. Bananagrabber
1504668770, 2017 Football Auction: Player 114876 is expired!
Wed Sep  6 03:32:51 2017: removing 114876 from auction (claimed = 1)
Wed Sep  6 03:32:51 2017	Add players_won for 114876: 0.50, Mr. Krabs
1504668862, 2017 Football Auction: Player 111329 is expired!
Wed Sep  6 03:34:23 2017: removing 111329 from auction (claimed = 1)
Wed Sep  6 03:34:23 2017	Add players_won for 111329: 4.5, Salt Bandits
1504668984, 2017 Football Auction: Player 111186 is expired!
Wed Sep  6 03:36:25 2017: removing 111186 from auction (claimed = 1)
Wed Sep  6 03:36:25 2017	Add players_won for 111186: 2, Boston Beast
1504668988, 2017 Football Auction: Player 111296 is expired!
Wed Sep  6 03:36:29 2017: removing 111296 from auction (claimed = 1)
Wed Sep  6 03:36:29 2017	Add players_won for 111296: 1, FLOOD
1504668994, 2017 Football Auction: Player 117498 is expired!
Wed Sep  6 03:36:35 2017: removing 117498 from auction (claimed = 1)
Wed Sep  6 03:36:35 2017	Add players_won for 117498: 0.50, UpTheGut
1504669018, 2017 Football Auction: Player 111154 is expired!
Wed Sep  6 03:36:59 2017: removing 111154 from auction (claimed = 1)
Wed Sep  6 03:36:59 2017	Add players_won for 111154: 0.50, Mr. Bananagrabber
1504669027, 2017 Football Auction: Player 115626 is expired!
Wed Sep  6 03:37:08 2017: removing 115626 from auction (claimed = 1)
Wed Sep  6 03:37:08 2017	Add players_won for 115626: 0.50, Mr. Krabs
1504669098, 2017 Football Auction: Player 111116 is expired!
Wed Sep  6 03:38:19 2017: removing 111116 from auction (claimed = 1)
Wed Sep  6 03:38:19 2017	Add players_won for 111116: 0.50, Mr. Krabs
1504669119, 2017 Football Auction: Player 113813 is expired!
Wed Sep  6 03:38:40 2017: removing 113813 from auction (claimed = 1)
Wed Sep  6 03:38:40 2017	Add players_won for 113813: 9, FLOOD
1504669156, 2017 Football Auction: Player 115778 is expired!
Wed Sep  6 03:39:17 2017: removing 115778 from auction (claimed = 1)
Wed Sep  6 03:39:17 2017	Add players_won for 115778: 0.50, Mr. Krabs
1504669194, 2017 Football Auction: Player 118062 is expired!
Wed Sep  6 03:39:55 2017: removing 118062 from auction (claimed = 1)
Wed Sep  6 03:39:55 2017	Add players_won for 118062: 0.50, UpTheGut
1504669203, 2017 Football Auction: Player 110972 is expired!
Wed Sep  6 03:40:04 2017: removing 110972 from auction (claimed = 1)
Wed Sep  6 03:40:04 2017	Add players_won for 110972: 0.50, Boston Beast
1504669204, 2017 Football Auction: Player 110964 is expired!
Wed Sep  6 03:40:05 2017: removing 110964 from auction (claimed = 1)
Wed Sep  6 03:40:05 2017	Add players_won for 110964: 9, FLOOD
1504669322, 2017 Football Auction: Player 111075 is expired!
Wed Sep  6 03:42:03 2017: removing 111075 from auction (claimed = 1)
Wed Sep  6 03:42:03 2017	Add players_won for 111075: 1.5, Woulfe Blitzer
1504669457, 2017 Football Auction: Player 113800 is expired!
Wed Sep  6 03:44:18 2017: removing 113800 from auction (claimed = 1)
Wed Sep  6 03:44:18 2017	Add players_won for 113800: 0.50, Woulfe Blitzer
1504669489, 2017 Football Auction: Player 117453 is expired!
Wed Sep  6 03:44:50 2017: removing 117453 from auction (claimed = 1)
Wed Sep  6 03:44:50 2017	Add players_won for 117453: 0.50, baskett case
1504669558, 2017 Football Auction: Player 118150 is expired!
Wed Sep  6 03:45:59 2017: removing 118150 from auction (claimed = 1)
Wed Sep  6 03:45:59 2017	Add players_won for 118150: 4, Boston Beast
1504669644, 2017 Football Auction: Player 111876 is expired!
Wed Sep  6 03:47:25 2017: removing 111876 from auction (claimed = 1)
Wed Sep  6 03:47:25 2017	Add players_won for 111876: 0.50, Boston Beast
1504669718, 2017 Football Auction: Player 118147 is expired!
Wed Sep  6 03:48:39 2017: removing 118147 from auction (claimed = 1)
Wed Sep  6 03:48:39 2017	Add players_won for 118147: 0.50, baskett case
1504669774, 2017 Football Auction: Player 111356 is expired!
Wed Sep  6 03:49:35 2017: removing 111356 from auction (claimed = 1)
Wed Sep  6 03:49:35 2017	Add players_won for 111356: 0.50, Boston Beast
1504669869, 2017 Football Auction: Player 117983 is expired!
Wed Sep  6 03:51:10 2017: removing 117983 from auction (claimed = 1)
Wed Sep  6 03:51:10 2017	Add players_won for 117983: 0.50, Boston Beast
1504669885, 20[Tue Oct 10 11:09:20 2017] pollAuction.pl: DBD::mysql::st execute failed: Server shutdown in progress at ./pollAuction.pl line 31.
[Tue Oct 10 11:09:20 2017] pollAuction.pl: Cannot execute: Server shutdown in progress at ./pollAuction.pl line 31.
17 Football Auction: Player 114899 is expired!
Wed Sep  6 03:51:26 2017: removing 114899 from auction (claimed = 1)
Wed Sep  6 03:51:26 2017	Add players_won for 114899: 0.50, Boston Beast
1504669909, 2017 Football Auction: Player 118182 is expired!
Wed Sep  6 03:51:50 2017: removing 118182 from auction (claimed = 1)
Wed Sep  6 03:51:50 2017	Add players_won for 118182: 0.50, baskett case
1504669923, 2017 Football Auction: Player 111191 is expired!
Wed Sep  6 03:52:04 2017: removing 111191 from auction (claimed = 1)
Wed Sep  6 03:52:04 2017	Add players_won for 111191: 0.50, Woulfe Blitzer
1504669987, 2017 Football Auction: Player 116378 is expired!
Wed Sep  6 03:53:08 2017: removing 116378 from auction (claimed = 1)
Wed Sep  6 03:53:08 2017	Add players_won for 116378: 0.50, baskett case
1504670069, 2017 Football Auction: Player 114834 is expired!
Wed Sep  6 03:54:30 2017: removing 114834 from auction (claimed = 1)
Wed Sep  6 03:54:30 2017	Add players_won for 114834: 0.50, Woulfe Blitzer
1504670098, 2017 Football Auction: Player 116822 is expired!
Wed Sep  6 03:54:59 2017: removing 116822 from auction (claimed = 1)
Wed Sep  6 03:54:59 2017	Add players_won for 116822: 0.50, Boston Beast
1504670334, 2017 Football Auction: Player 116436 is expired!
Wed Sep  6 03:58:55 2017: removing 116436 from auction (claimed = 1)
Wed Sep  6 03:58:55 2017	Add players_won for 116436: 1, Woulfe Blitzer
<h1>Software error:</h1>
<pre>Cannot execute: Server shutdown in progress at ./pollAuction.pl line 31.
</pre>
<p>
For help, please send mail to this site's webmaster, giving this error message 
and the time and date of the error.

</p>
