<?xml version="1.0" encoding="UTF-8"?>
<fantasy_content xml:lang="en-US" yahoo:uri="http://fantasysports.yahooapis.com/fantasy/v2/league/242.l.513310/transactions;team_key=242.l.513310.t.10" xmlns:yahoo="http://www.yahooapis.com/v1/base.rng" time="83.65797996521ms" copyright="Data provided by Yahoo! and STATS, LLC" xmlns="http://fantasysports.yahooapis.com/fantasy/v2/base.rng">
 <league>
  <league_key>242.l.513310</league_key>
  <league_id>513310</league_id>
  <name>Auction Keeper League</name>
  <url>http://football.fantasysports.yahoo.com/archive/nfl/2010/513310</url>
  <draft_status>postdraft</draft_status>
  <num_teams>12</num_teams>
  <edit_key>17</edit_key>
  <weekly_deadline/>
  <league_update_timestamp>1294130693</league_update_timestamp>
  <scoring_type>head</scoring_type>
  <current_week>16</current_week>
  <start_week>1</start_week>
  <end_week>16</end_week>
  <is_finished>1</is_finished>
  <transactions count="21">
   <transaction>
    <transaction_key>242.l.513310.tr.263</transaction_key>
    <transaction_id>263</transaction_id>
    <type>add/drop</type>
    <status>successful</status>
    <timestamp>1292447901</timestamp>
    <players count="2">
     <player>
      <player_key>242.p.24017</player_key>
      <player_id>24017</player_id>
      <name>
       <full>Rob Gronkowski</full>
       <first>Rob</first>
       <last>Gronkowski</last>
       <ascii_first>Rob</ascii_first>
       <ascii_last>Gronkowski</ascii_last>
      </name>
      <transaction_data>
       <type>add</type>
       <source_type>freeagents</source_type>
       <destination_type>team</destination_type>
       <destination_team_key>242.l.513310.t.10</destination_team_key>
      </transaction_data>
     </player>
     <player>
      <player_key>242.p.6427</player_key>
      <player_id>6427</player_id>
      <name>
       <full>Visanthe Shiancoe</full>
       <first>Visanthe</first>
       <last>Shiancoe</last>
       <ascii_first>Visanthe</ascii_first>
       <ascii_last>Shiancoe</ascii_last>
      </name>
      <transaction_data>
       <type>drop</type>
       <source_type>team</source_type>
       <source_team_key>242.l.513310.t.10</source_team_key>
       <destination_type>waivers</destination_type>
      </transaction_data>
     </player>
    </players>
   </transaction>
   <transaction>
    <transaction_key>242.l.513310.tr.262</transaction_key>
    <transaction_id>262</transaction_id>
    <type>add/drop</type>
    <status>successful</status>
    <timestamp>1292431792</timestamp>
    <players count="2">
     <player>
      <player_key>242.p.8333</player_key>
      <player_id>8333</player_id>
      <name>
       <full>Mike Sims-Walker</full>
       <first>Mike</first>
       <last>Sims-Walker</last>
       <ascii_first>Mike</ascii_first>
       <ascii_last>Sims-Walker</ascii_last>
      </name>
      <transaction_data>
       <type>add</type>
       <source_type>freeagents</source_type>
       <destination_type>team</destination_type>
       <destination_team_key>242.l.513310.t.10</destination_team_key>
      </transaction_data>
     </player>
     <player>
      <player_key>242.p.23999</player_key>
      <player_id>23999</player_id>
      <name>
       <full>Dez Bryant</full>
       <first>Dez</first>
       <last>Bryant</last>
       <ascii_first>Dez</ascii_first>
       <ascii_last>Bryant</ascii_last>
      </name>
      <transaction_data>
       <type>drop</type>
       <source_type>team</source_type>
       <source_team_key>242.l.513310.t.10</source_team_key>
       <destination_type>waivers</destination_type>
      </transaction_data>
     </player>
    </players>
   </transaction>
   <transaction>
    <transaction_key>242.l.513310.tr.254</transaction_key>
    <transaction_id>254</transaction_id>
    <type>add/drop</type>
    <status>successful</status>
    <timestamp>1291570255</timestamp>
    <players count="2">
     <player>
      <player_key>242.p.6427</player_key>
      <player_id>6427</player_id>
      <name>
       <full>Visanthe Shiancoe</full>
       <first>Visanthe</first>
       <last>Shiancoe</last>
       <ascii_first>Visanthe</ascii_first>
       <ascii_last>Shiancoe</ascii_last>
      </name>
      <transaction_data>
       <type>add</type>
       <source_type>freeagents</source_type>
       <destination_type>team</destination_type>
       <destination_team_key>242.l.513310.t.10</destination_team_key>
      </transaction_data>
     </player>
     <player>
      <player_key>242.p.6359</player_key>
      <player_id>6359</player_id>
      <name>
       <full>Willis McGahee</full>
       <first>Willis</first>
       <last>McGahee</last>
       <ascii_first>Willis</ascii_first>
       <ascii_last>McGahee</ascii_last>
      </name>
      <transaction_data>
       <type>drop</type>
       <source_type>team</source_type>
       <source_team_key>242.l.513310.t.10</source_team_key>
       <destination_type>waivers</destination_type>
      </transaction_data>
     </player>
    </players>
   </transaction>
   <transaction>
    <transaction_key>242.l.513310.tr.233</transaction_key>
    <transaction_id>233</transaction_id>
    <type>add/drop</type>
    <status>successful</status>
    <timestamp>1290246291</timestamp>
    <faab_bid>1</faab_bid>
    <players count="2">
     <player>
      <player_key>242.p.6896</player_key>
      <player_id>6896</player_id>
      <name>
       <full>Josh Scobee</full>
       <first>Josh</first>
       <last>Scobee</last>
       <ascii_first>Josh</ascii_first>
       <ascii_last>Scobee</ascii_last>
      </name>
      <transaction_data>
       <type>add</type>
       <source_type>waivers</source_type>
       <destination_type>team</destination_type>
       <destination_team_key>242.l.513310.t.10</destination_team_key>
      </transaction_data>
     </player>
     <player>
      <player_key>242.p.4080</player_key>
      <player_id>4080</player_id>
      <name>
       <full>Ryan Longwell</full>
       <first>Ryan</first>
       <last>Longwell</last>
       <ascii_first>Ryan</ascii_first>
       <ascii_last>Longwell</ascii_last>
      </name>
      <transaction_data>
       <type>drop</type>
       <source_type>team</source_type>
       <source_team_key>242.l.513310.t.10</source_team_key>
       <destination_type>waivers</destination_type>
      </transaction_data>
     </player>
    </players>
   </transaction>
   <transaction>
    <transaction_key>242.l.513310.tr.215</transaction_key>
    <transaction_id>215</transaction_id>
    <type>add/drop</type>
    <status>successful</status>
    <timestamp>1289639344</timestamp>
    <faab_bid>1</faab_bid>
    <players count="2">
     <player>
      <player_key>242.p.4653</player_key>
      <player_id>4653</player_id>
      <name>
       <full>Ricky Williams</full>
       <first>Ricky</first>
       <last>Williams</last>
       <ascii_first>Ricky</ascii_first>
       <ascii_last>Williams</ascii_last>
      </name>
      <transaction_data>
       <type>add</type>
       <source_type>waivers</source_type>
       <destination_type>team</destination_type>
       <destination_team_key>242.l.513310.t.10</destination_team_key>
      </transaction_data>
     </player>
     <player>
      <player_key>242.p.6975</player_key>
      <player_id>6975</player_id>
      <name>
       <full>Patrick Crayton</full>
       <first>Patrick</first>
       <last>Crayton</last>
       <ascii_first>Patrick</ascii_first>
       <ascii_last>Crayton</ascii_last>
      </name>
      <transaction_data>
       <type>drop</type>
       <source_type>team</source_type>
       <source_team_key>242.l.513310.t.10</source_team_key>
       <destination_type>waivers</destination_type>
      </transaction_data>
     </player>
    </players>
   </transaction>
   <transaction>
    <transaction_key>242.l.513310.tr.204</transaction_key>
    <transaction_id>204</transaction_id>
    <type>add/drop</type>
    <status>successful</status>
    <timestamp>1289512254</timestamp>
    <players count="2">
     <player>
      <player_key>242.p.6359</player_key>
      <player_id>6359</player_id>
      <name>
       <full>Willis McGahee</full>
       <first>Willis</first>
       <last>McGahee</last>
       <ascii_first>Willis</ascii_first>
       <ascii_last>McGahee</ascii_last>
      </name>
      <transaction_data>
       <type>add</type>
       <source_type>freeagents</source_type>
       <destination_type>team</destination_type>
       <destination_team_key>242.l.513310.t.10</destination_team_key>
      </transaction_data>
     </player>
     <player>
      <player_key>242.p.100015</player_key>
      <player_id>100015</player_id>
      <name>
       <full>Miami</full>
       <first>Miami</first>
       <last/>
       <ascii_first>Miami</ascii_first>
       <ascii_last/>
      </name>
      <transaction_data>
       <type>drop</type>
       <source_type>team</source_type>
       <source_team_key>242.l.513310.t.10</source_team_key>
       <destination_type>waivers</destination_type>
      </transaction_data>
     </player>
    </players>
   </transaction>
   <transaction>
    <transaction_key>242.l.513310.tr.180</transaction_key>
    <transaction_id>180</transaction_id>
    <type>add/drop</type>
    <status>successful</status>
    <timestamp>1288896363</timestamp>
    <players count="2">
     <player>
      <player_key>242.p.5478</player_key>
      <player_id>5478</player_id>
      <name>
       <full>Todd Heap</full>
       <first>Todd</first>
       <last>Heap</last>
       <ascii_first>Todd</ascii_first>
       <ascii_last>Heap</ascii_last>
      </name>
      <transaction_data>
       <type>add</type>
       <source_type>freeagents</source_type>
       <destination_type>team</destination_type>
       <destination_team_key>242.l.513310.t.10</destination_team_key>
      </transaction_data>
     </player>
     <player>
      <player_key>242.p.7181</player_key>
      <player_id>7181</player_id>
      <name>
       <full>Carnell Williams</full>
       <first>Carnell</first>
       <last>Williams</last>
       <ascii_first>Carnell</ascii_first>
       <ascii_last>Williams</ascii_last>
      </name>
      <transaction_data>
       <type>drop</type>
       <source_type>team</source_type>
       <source_team_key>242.l.513310.t.10</source_team_key>
       <destination_type>waivers</destination_type>
      </transaction_data>
     </player>
    </players>
   </transaction>
   <transaction>
    <transaction_key>242.l.513310.tr.179</transaction_key>
    <transaction_id>179</transaction_id>
    <type>add/drop</type>
    <status>successful</status>
    <timestamp>1288896244</timestamp>
    <players count="2">
     <player>
      <player_key>242.p.4080</player_key>
      <player_id>4080</player_id>
      <name>
       <full>Ryan Longwell</full>
       <first>Ryan</first>
       <last>Longwell</last>
       <ascii_first>Ryan</ascii_first>
       <ascii_last>Longwell</ascii_last>
      </name>
      <transaction_data>
       <type>add</type>
       <source_type>freeagents</source_type>
       <destination_type>team</destination_type>
       <destination_team_key>242.l.513310.t.10</destination_team_key>
      </transaction_data>
     </player>
     <player>
      <player_key>242.p.8565</player_key>
      <player_id>8565</player_id>
      <name>
       <full>Matt Prater</full>
       <first>Matt</first>
       <last>Prater</last>
       <ascii_first>Matt</ascii_first>
       <ascii_last>Prater</ascii_last>
      </name>
      <transaction_data>
       <type>drop</type>
       <source_type>team</source_type>
       <source_team_key>242.l.513310.t.10</source_team_key>
       <destination_type>waivers</destination_type>
      </transaction_data>
     </player>
    </players>
   </transaction>
   <transaction>
    <transaction_key>242.l.513310.tr.161</transaction_key>
    <transaction_id>161</transaction_id>
    <type>add/drop</type>
    <status>successful</status>
    <timestamp>1288527913</timestamp>
    <players count="2">
     <player>
      <player_key>242.p.8565</player_key>
      <player_id>8565</player_id>
      <name>
       <full>Matt Prater</full>
       <first>Matt</first>
       <last>Prater</last>
       <ascii_first>Matt</ascii_first>
       <ascii_last>Prater</ascii_last>
      </name>
      <transaction_data>
       <type>add</type>
       <source_type>freeagents</source_type>
       <destination_type>team</destination_type>
       <destination_team_key>242.l.513310.t.10</destination_team_key>
      </transaction_data>
     </player>
     <player>
      <player_key>242.p.6154</player_key>
      <player_id>6154</player_id>
      <name>
       <full>Billy Cundiff</full>
       <first>Billy</first>
       <last>Cundiff</last>
       <ascii_first>Billy</ascii_first>
       <ascii_last>Cundiff</ascii_last>
      </name>
      <transaction_data>
       <type>drop</type>
       <source_type>team</source_type>
       <source_team_key>242.l.513310.t.10</source_team_key>
       <destination_type>waivers</destination_type>
      </transaction_data>
     </player>
    </players>
   </transaction>
   <transaction>
    <transaction_key>242.l.513310.tr.160</transaction_key>
    <transaction_id>160</transaction_id>
    <type>add/drop</type>
    <status>successful</status>
    <timestamp>1288494979</timestamp>
    <players count="2">
     <player>
      <player_key>242.p.100015</player_key>
      <player_id>100015</player_id>
      <name>
       <full>Miami</full>
       <first>Miami</first>
       <last/>
       <ascii_first>Miami</ascii_first>
       <ascii_last/>
      </name>
      <transaction_data>
       <type>add</type>
       <source_type>freeagents</source_type>
       <destination_type>team</destination_type>
       <destination_team_key>242.l.513310.t.10</destination_team_key>
      </transaction_data>
     </player>
     <player>
      <player_key>242.p.8815</player_key>
      <player_id>8815</player_id>
      <name>
       <full>John Carlson</full>
       <first>John</first>
       <last>Carlson</last>
       <ascii_first>John</ascii_first>
       <ascii_last>Carlson</ascii_last>
      </name>
      <transaction_data>
       <type>drop</type>
       <source_type>team</source_type>
       <source_team_key>242.l.513310.t.10</source_team_key>
       <destination_type>waivers</destination_type>
      </transaction_data>
     </player>
    </players>
   </transaction>
   <transaction>
    <transaction_key>242.l.513310.tr.135</transaction_key>
    <transaction_id>135</transaction_id>
    <type>add/drop</type>
    <status>successful</status>
    <timestamp>1287937659</timestamp>
    <players count="2">
     <player>
      <player_key>242.p.7181</player_key>
      <player_id>7181</player_id>
      <name>
       <full>Carnell Williams</full>
       <first>Carnell</first>
       <last>Williams</last>
       <ascii_first>Carnell</ascii_first>
       <ascii_last>Williams</ascii_last>
      </name>
      <transaction_data>
       <type>add</type>
       <source_type>freeagents</source_type>
       <destination_type>team</destination_type>
       <destination_team_key>242.l.513310.t.10</destination_team_key>
      </transaction_data>
     </player>
     <player>
      <player_key>242.p.6591</player_key>
      <player_id>6591</player_id>
      <name>
       <full>Kevin Walter</full>
       <first>Kevin</first>
       <last>Walter</last>
       <ascii_first>Kevin</ascii_first>
       <ascii_last>Walter</ascii_last>
      </name>
      <transaction_data>
       <type>drop</type>
       <source_type>team</source_type>
       <source_team_key>242.l.513310.t.10</source_team_key>
       <destination_type>waivers</destination_type>
      </transaction_data>
     </player>
    </players>
   </transaction>
   <transaction>
    <transaction_key>242.l.513310.tr.134</transaction_key>
    <transaction_id>134</transaction_id>
    <type>add/drop</type>
    <status>successful</status>
    <timestamp>1287937398</timestamp>
    <players count="2">
     <player>
      <player_key>242.p.8815</player_key>
      <player_id>8815</player_id>
      <name>
       <full>John Carlson</full>
       <first>John</first>
       <last>Carlson</last>
       <ascii_first>John</ascii_first>
       <ascii_last>Carlson</ascii_last>
      </name>
      <transaction_data>
       <type>add</type>
       <source_type>freeagents</source_type>
       <destination_type>team</destination_type>
       <destination_team_key>242.l.513310.t.10</destination_team_key>
      </transaction_data>
     </player>
     <player>
      <player_key>242.p.24068</player_key>
      <player_id>24068</player_id>
      <name>
       <full>Tony Moeaki</full>
       <first>Tony</first>
       <last>Moeaki</last>
       <ascii_first>Tony</ascii_first>
       <ascii_last>Moeaki</ascii_last>
      </name>
      <transaction_data>
       <type>drop</type>
       <source_type>team</source_type>
       <source_team_key>242.l.513310.t.10</source_team_key>
       <destination_type>waivers</destination_type>
      </transaction_data>
     </player>
    </players>
   </transaction>
   <transaction>
    <transaction_key>242.l.513310.tr.133</transaction_key>
    <transaction_id>133</transaction_id>
    <type>add/drop</type>
    <status>successful</status>
    <timestamp>1287936975</timestamp>
    <players count="2">
     <player>
      <player_key>242.p.6975</player_key>
      <player_id>6975</player_id>
      <name>
       <full>Patrick Crayton</full>
       <first>Patrick</first>
       <last>Crayton</last>
       <ascii_first>Patrick</ascii_first>
       <ascii_last>Crayton</ascii_last>
      </name>
      <transaction_data>
       <type>add</type>
       <source_type>freeagents</source_type>
       <destination_type>team</destination_type>
       <destination_team_key>242.l.513310.t.10</destination_team_key>
      </transaction_data>
     </player>
     <player>
      <player_key>242.p.7806</player_key>
      <player_id>7806</player_id>
      <name>
       <full>Devin Hester</full>
       <first>Devin</first>
       <last>Hester</last>
       <ascii_first>Devin</ascii_first>
       <ascii_last>Hester</ascii_last>
      </name>
      <transaction_data>
       <type>drop</type>
       <source_type>team</source_type>
       <source_team_key>242.l.513310.t.10</source_team_key>
       <destination_type>waivers</destination_type>
      </transaction_data>
     </player>
    </players>
   </transaction>
   <transaction>
    <transaction_key>242.l.513310.tr.126</transaction_key>
    <transaction_id>126</transaction_id>
    <type>add/drop</type>
    <status>successful</status>
    <timestamp>1287759074</timestamp>
    <players count="2">
     <player>
      <player_key>242.p.7186</player_key>
      <player_id>7186</player_id>
      <name>
       <full>Mike Williams</full>
       <first>Mike</first>
       <last>Williams</last>
       <ascii_first>Mike</ascii_first>
       <ascii_last>Williams</ascii_last>
      </name>
      <transaction_data>
       <type>add</type>
       <source_type>freeagents</source_type>
       <destination_type>team</destination_type>
       <destination_team_key>242.l.513310.t.10</destination_team_key>
      </transaction_data>
     </player>
     <player>
      <player_key>242.p.5942</player_key>
      <player_id>5942</player_id>
      <name>
       <full>Ladell Betts</full>
       <first>Ladell</first>
       <last>Betts</last>
       <ascii_first>Ladell</ascii_first>
       <ascii_last>Betts</ascii_last>
      </name>
      <transaction_data>
       <type>drop</type>
       <source_type>team</source_type>
       <source_team_key>242.l.513310.t.10</source_team_key>
       <destination_type>waivers</destination_type>
      </transaction_data>
     </player>
    </players>
   </transaction>
   <transaction>
    <transaction_key>242.l.513310.tr.124</transaction_key>
    <transaction_id>124</transaction_id>
    <type>add/drop</type>
    <status>successful</status>
    <timestamp>1287684698</timestamp>
    <players count="2">
     <player>
      <player_key>242.p.6154</player_key>
      <player_id>6154</player_id>
      <name>
       <full>Billy Cundiff</full>
       <first>Billy</first>
       <last>Cundiff</last>
       <ascii_first>Billy</ascii_first>
       <ascii_last>Cundiff</ascii_last>
      </name>
      <transaction_data>
       <type>add</type>
       <source_type>freeagents</source_type>
       <destination_type>team</destination_type>
       <destination_team_key>242.l.513310.t.10</destination_team_key>
      </transaction_data>
     </player>
     <player>
      <player_key>242.p.8432</player_key>
      <player_id>8432</player_id>
      <name>
       <full>Nick Folk</full>
       <first>Nick</first>
       <last>Folk</last>
       <ascii_first>Nick</ascii_first>
       <ascii_last>Folk</ascii_last>
      </name>
      <transaction_data>
       <type>drop</type>
       <source_type>team</source_type>
       <source_team_key>242.l.513310.t.10</source_team_key>
       <destination_type>waivers</destination_type>
      </transaction_data>
     </player>
    </players>
   </transaction>
   <transaction>
    <transaction_key>242.l.513310.tr.123</transaction_key>
    <transaction_id>123</transaction_id>
    <type>add/drop</type>
    <status>successful</status>
    <timestamp>1287684564</timestamp>
    <players count="2">
     <player>
      <player_key>242.p.24068</player_key>
      <player_id>24068</player_id>
      <name>
       <full>Tony Moeaki</full>
       <first>Tony</first>
       <last>Moeaki</last>
       <ascii_first>Tony</ascii_first>
       <ascii_last>Moeaki</ascii_last>
      </name>
      <transaction_data>
       <type>add</type>
       <source_type>freeagents</source_type>
       <destination_type>team</destination_type>
       <destination_team_key>242.l.513310.t.10</destination_team_key>
      </transaction_data>
     </player>
     <player>
      <player_key>242.p.6867</player_key>
      <player_id>6867</player_id>
      <name>
       <full>Jerricho Cotchery</full>
       <first>Jerricho</first>
       <last>Cotchery</last>
       <ascii_first>Jerricho</ascii_first>
       <ascii_last>Cotchery</ascii_last>
      </name>
      <transaction_data>
       <type>drop</type>
       <source_type>team</source_type>
       <source_team_key>242.l.513310.t.10</source_team_key>
       <destination_type>waivers</destination_type>
      </transaction_data>
     </player>
    </players>
   </transaction>
   <transaction>
    <transaction_key>242.l.513310.tr.101</transaction_key>
    <transaction_id>101</transaction_id>
    <type>add/drop</type>
    <status>successful</status>
    <timestamp>1287069185</timestamp>
    <players count="2">
     <player>
      <player_key>242.p.8432</player_key>
      <player_id>8432</player_id>
      <name>
       <full>Nick Folk</full>
       <first>Nick</first>
       <last>Folk</last>
       <ascii_first>Nick</ascii_first>
       <ascii_last>Folk</ascii_last>
      </name>
      <transaction_data>
       <type>add</type>
       <source_type>freeagents</source_type>
       <destination_type>team</destination_type>
       <destination_team_key>242.l.513310.t.10</destination_team_key>
      </transaction_data>
     </player>
     <player>
      <player_key>242.p.7223</player_key>
      <player_id>7223</player_id>
      <name>
       <full>Mike Nugent</full>
       <first>Mike</first>
       <last>Nugent</last>
       <ascii_first>Mike</ascii_first>
       <ascii_last>Nugent</ascii_last>
      </name>
      <transaction_data>
       <type>drop</type>
       <source_type>team</source_type>
       <source_team_key>242.l.513310.t.10</source_team_key>
       <destination_type>waivers</destination_type>
      </transaction_data>
     </player>
    </players>
   </transaction>
   <transaction>
    <transaction_key>242.l.513310.tr.78</transaction_key>
    <transaction_id>78</transaction_id>
    <type>add/drop</type>
    <status>successful</status>
    <timestamp>1286373441</timestamp>
    <players count="2">
     <player>
      <player_key>242.p.7223</player_key>
      <player_id>7223</player_id>
      <name>
       <full>Mike Nugent</full>
       <first>Mike</first>
       <last>Nugent</last>
       <ascii_first>Mike</ascii_first>
       <ascii_last>Nugent</ascii_last>
      </name>
      <transaction_data>
       <type>add</type>
       <source_type>freeagents</source_type>
       <destination_type>team</destination_type>
       <destination_team_key>242.l.513310.t.10</destination_team_key>
      </transaction_data>
     </player>
     <player>
      <player_key>242.p.7022</player_key>
      <player_id>7022</player_id>
      <name>
       <full>Lawrence Tynes</full>
       <first>Lawrence</first>
       <last>Tynes</last>
       <ascii_first>Lawrence</ascii_first>
       <ascii_last>Tynes</ascii_last>
      </name>
      <transaction_data>
       <type>drop</type>
       <source_type>team</source_type>
       <source_team_key>242.l.513310.t.10</source_team_key>
       <destination_type>waivers</destination_type>
      </transaction_data>
     </player>
    </players>
   </transaction>
   <transaction>
    <transaction_key>242.l.513310.tr.69</transaction_key>
    <transaction_id>69</transaction_id>
    <type>add/drop</type>
    <status>successful</status>
    <timestamp>1286123860</timestamp>
    <players count="2">
     <player>
      <player_key>242.p.5942</player_key>
      <player_id>5942</player_id>
      <name>
       <full>Ladell Betts</full>
       <first>Ladell</first>
       <last>Betts</last>
       <ascii_first>Ladell</ascii_first>
       <ascii_last>Betts</ascii_last>
      </name>
      <transaction_data>
       <type>add</type>
       <source_type>freeagents</source_type>
       <destination_type>team</destination_type>
       <destination_team_key>242.l.513310.t.10</destination_team_key>
      </transaction_data>
     </player>
     <player>
      <player_key>242.p.8500</player_key>
      <player_id>8500</player_id>
      <name>
       <full>Kenneth Darby</full>
       <first>Kenneth</first>
       <last>Darby</last>
       <ascii_first>Kenneth</ascii_first>
       <ascii_last>Darby</ascii_last>
      </name>
      <transaction_data>
       <type>drop</type>
       <source_type>team</source_type>
       <source_team_key>242.l.513310.t.10</source_team_key>
       <destination_type>waivers</destination_type>
      </transaction_data>
     </player>
    </players>
   </transaction>
   <transaction>
    <transaction_key>242.l.513310.tr.59</transaction_key>
    <transaction_id>59</transaction_id>
    <type>add/drop</type>
    <status>successful</status>
    <timestamp>1285775707</timestamp>
    <players count="2">
     <player>
      <player_key>242.p.8500</player_key>
      <player_id>8500</player_id>
      <name>
       <full>Kenneth Darby</full>
       <first>Kenneth</first>
       <last>Darby</last>
       <ascii_first>Kenneth</ascii_first>
       <ascii_last>Darby</ascii_last>
      </name>
      <transaction_data>
       <type>add</type>
       <source_type>freeagents</source_type>
       <destination_type>team</destination_type>
       <destination_team_key>242.l.513310.t.10</destination_team_key>
      </transaction_data>
     </player>
     <player>
      <player_key>242.p.4259</player_key>
      <player_id>4259</player_id>
      <name>
       <full>Fred Taylor</full>
       <first>Fred</first>
       <last>Taylor</last>
       <ascii_first>Fred</ascii_first>
       <ascii_last>Taylor</ascii_last>
      </name>
      <transaction_data>
       <type>drop</type>
       <source_type>team</source_type>
       <source_team_key>242.l.513310.t.10</source_team_key>
       <destination_type>waivers</destination_type>
      </transaction_data>
     </player>
    </players>
   </transaction>
   <transaction>
    <transaction_key>242.l.513310.tr.58</transaction_key>
    <transaction_id>58</transaction_id>
    <type>add/drop</type>
    <status>successful</status>
    <timestamp>1285775455</timestamp>
    <players count="2">
     <player>
      <player_key>242.p.7806</player_key>
      <player_id>7806</player_id>
      <name>
       <full>Devin Hester</full>
       <first>Devin</first>
       <last>Hester</last>
       <ascii_first>Devin</ascii_first>
       <ascii_last>Hester</ascii_last>
      </name>
      <transaction_data>
       <type>add</type>
       <source_type>freeagents</source_type>
       <destination_type>team</destination_type>
       <destination_team_key>242.l.513310.t.10</destination_team_key>
      </transaction_data>
     </player>
     <player>
      <player_key>242.p.6837</player_key>
      <player_id>6837</player_id>
      <name>
       <full>Bernard Berrian</full>
       <first>Bernard</first>
       <last>Berrian</last>
       <ascii_first>Bernard</ascii_first>
       <ascii_last>Berrian</ascii_last>
      </name>
      <transaction_data>
       <type>drop</type>
       <source_type>team</source_type>
       <source_team_key>242.l.513310.t.10</source_team_key>
       <destination_type>waivers</destination_type>
      </transaction_data>
     </player>
    </players>
   </transaction>
  </transactions>
 </league>
</fantasy_content>


