Update record for player 'Evan Gattis' (115450), team 'Kramerica'
Update record for player 'David Ortiz' (110017), team 'Kramerica'
Insert new record for player 'Logan Forsythe', team 'Kramerica'
Trevor Plouffe (8733) was added after the deadline! SKIP
Insert new record for player 'Justin Turner', team 'Kramerica'
Update record for player 'Adrián González' (110070), team 'Kramerica'
Update record for player 'Dustin Pedroia' (110154), team 'Kramerica'
Update record for player 'Yoenis Céspedes' (114523), team 'Kramerica'
Update record for player 'Curtis Granderson' (110043), team 'Kramerica'
Update record for player 'Lorenzo Cain' (112304), team 'Kramerica'
Update record for player 'Jacoby Ellsbury' (110189), team 'Kramerica'
Dan Haren (7172) was added after the deadline! SKIP
Update record for player 'Michael Pineda' (113672), team 'Kramerica'
Update record for player 'Wade Davis' (111961), team 'Kramerica'
Aroldis Chapman (8616) was added after the deadline! SKIP
Update record for player 'Kenley Jansen' (112259), team 'Kramerica'
R.A. Dickey (6708) was added after the deadline! SKIP
Rick Porcello (8419) was added after the deadline! SKIP
A.J. Burnett (6314) was added after the deadline! SKIP
Justin Verlander (7590) was added after the deadline! SKIP
Insert new record for player 'Mark Buehrle', team 'Kramerica'
Update record for player 'Scott Kazmir' (110096), team 'Kramerica'
Marcus Stroman (9637) was added after the deadline! SKIP
Insert new record for player 'Jason Hammel', team 'Kramerica'
Update record for player 'Hunter Pence' (110067), team 'Kramerica'

Francisco Cervelli (8387) was added after the deadline! SKIP
Update record for player 'Albert Pujols' (110010), team '84's'
Insert new record for player 'Brandon Phillips', team '84's'
Update record for player 'Todd Frazier' (112897), team '84's'
Update record for player 'Corey Seager' (115987), team '84's'
Update record for player 'Matt Carpenter' (114558), team '84's'
Insert new record for player 'Yunel Escobar', team '84's'
Update record for player 'Kole Calhoun' (115277), team '84's'
Update record for player 'A.J. Pollock' (115310), team '84's'
Update record for player 'Jay Bruce' (110500), team '84's'
Update record for player 'Evan Longoria' (110223), team '84's'
Update record for player 'Elvis Andrus' (111558), team '84's'
Update record for player 'Brandon Moss' (111624), team '84's'
Update record for player 'Gerrit Cole' (114567), team '84's'
Update record for player 'Chris Sale' (113671), team '84's'
Update record for player 'Huston Street' (110110), team '84's'
Insert new record for player 'Jim Johnson', team '84's'
Insert new record for player 'Henry Owens', team '84's'
Insert new record for player 'Jaime García', team '84's'
Insert new record for player 'Taylor Jungmann', team '84's'
Insert new record for player 'Nathan Karns', team '84's'
Update record for player 'Collin McHugh' (115404), team '84's'
Héctor Santiago (8976) was added after the deadline! SKIP
Adam Wainwright (7048) was added after the deadline! SKIP

Update record for player 'Russell Martin' (110055), team 'Puig Power'
Update record for player 'Prince Fielder' (110018), team 'Puig Power'
Insert new record for player 'DJ LeMahieu', team 'Puig Power'
Update record for player 'Manny Machado' (114635), team 'Puig Power'
Update record for player 'Jean Segura' (115382), team 'Puig Power'
Update record for player 'Edwin Encarnación' (110138), team 'Puig Power'
Insert new record for player 'Matt Duffy', team 'Puig Power'
Update record for player 'Christian Yelich' (115343), team 'Puig Power'
Insert new record for player 'Dexter Fowler', team 'Puig Power'
Update record for player 'Byron Buxton' (115928), team 'Puig Power'
Update record for player 'David Wright' (110002), team 'Puig Power'
Update record for player 'Nelson Cruz' (110476), team 'Puig Power'
Shelby Miller (8871) was added after the deadline! SKIP
Update record for player 'Danny Salazar' (115840), team 'Puig Power'
Update record for player 'Greg Holland' (113716), team 'Puig Power'
Update record for player 'David Robertson' (111984), team 'Puig Power'
Update record for player 'Luke Gregerson' (111980), team 'Puig Power'
Update record for player 'Madison Bumgarner' (111976), team 'Puig Power'
Rich Hill (7578) was added after the deadline! SKIP
Insert new record for player 'Anthony DeSclafani', team 'Puig Power'
Insert new record for player 'Kyle Gibson', team 'Puig Power'
Bartolo Colón (5763) was added after the deadline! SKIP
Insert new record for player 'Eduardo Rodríguez', team 'Puig Power'
Update record for player 'Jacob deGrom' (116187), team 'Puig Power'
Update record for player 'Yasiel Puig' (115408), team 'Puig Power'
Insert new record for player 'Jason Motte', team 'Puig Power'

Update record for player 'Yan Gomes' (115392), team 'The Underdog'
Insert new record for player 'Brock Holt', team 'The Underdog'
Update record for player 'José Altuve' (114652), team 'The Underdog'
Update record for player 'Josh Donaldson' (112944), team 'The Underdog'
Insert new record for player 'Adeiny Hechavarria', team 'The Underdog'
Update record for player 'José Abreu' (115994), team 'The Underdog'
Insert new record for player 'J.J. Hardy', team 'The Underdog'
Update record for player 'Carlos Gómez' (110385), team 'The Underdog'
Update record for player 'Ben Revere' (112588), team 'The Underdog'
Update record for player 'Jorge Soler' (115299), team 'The Underdog'
Update record for player 'Pedro Álvarez' (112006), team 'The Underdog'
Insert new record for player 'Yasmani Grandal', team 'The Underdog'
Insert new record for player 'Odubel Herrera', team 'The Underdog'
Insert new record for player 'Wilson Ramos', team 'The Underdog'
Update record for player 'Félix Hernández' (110104), team 'The Underdog'
Update record for player 'Yovani Gallardo' (110092), team 'The Underdog'
Update record for player 'Héctor Rondón' (112144), team 'The Underdog'
Insert new record for player 'Joakim Soria', team 'The Underdog'
Update record for player 'Dallas Keuchel' (115296), team 'The Underdog'
Update record for player 'Corey Kluber' (114581), team 'The Underdog'
Insert new record for player 'Drew Hutchison', team 'The Underdog'
Update record for player 'José Quintana' (115274), team 'The Underdog'
Update record for player 'Jake Odorizzi' (115308), team 'The Underdog'
Update record for player 'Freddie Freeman' (112794), team 'The Underdog'
Insert new record for player 'Archie Bradley', team 'The Underdog'

Welington Castillo (8784) was added after the deadline! SKIP
Insert new record for player 'Mitch Moreland', team 'Barksdale Crew'
Update record for player 'Brian Dozier' (115416), team 'Barksdale Crew'
Update record for player 'Nolan Arenado' (114560), team 'Barksdale Crew'
Update record for player 'Alcides Escobar' (111716), team 'Barksdale Crew'
Insert new record for player 'Kendrys Morales', team 'Barksdale Crew'
Insert new record for player 'Eddie Rosario', team 'Barksdale Crew'
Update record for player 'J.D. Martínez' (114571), team 'Barksdale Crew'
Insert new record for player 'Ender Inciarte', team 'Barksdale Crew'
Insert new record for player 'Delino DeShields', team 'Barksdale Crew'
Insert new record for player 'Billy Burns', team 'Barksdale Crew'
Marcell Ozuna (9385) was added after the deadline! SKIP
Update record for player 'Salvador Pérez' (114659), team 'Barksdale Crew'
Update record for player 'Jayson Werth' (110660), team 'Barksdale Crew'
Update record for player 'Andrew Cashner' (112841), team 'Barksdale Crew'
Insert new record for player 'Ervin Santana', team 'Barksdale Crew'
Update record for player 'Dellin Betances' (114557), team 'Barksdale Crew'
Update record for player 'Kevin Gausman' (115332), team 'Barksdale Crew'
Update record for player 'Tyson Ross' (112860), team 'Barksdale Crew'
Update record for player 'Clayton Kershaw' (111552), team 'Barksdale Crew'
Insert new record for player 'Mike Leake', team 'Barksdale Crew'
Update record for player 'Hisashi Iwakuma' (114528), team 'Barksdale Crew'
Update record for player 'Sonny Gray' (115905), team 'Barksdale Crew'
Update record for player 'Jordan Zimmermann' (112773), team 'Barksdale Crew'
Insert new record for player 'Denard Span', team 'Barksdale Crew'

Update record for player 'Carlos Santana' (111982), team 'La Flama Blanca'
Update record for player 'Eric Hosmer' (113703), team 'La Flama Blanca'
Update record for player 'Josh Harrison' (114578), team 'La Flama Blanca'
Update record for player 'Kris Bryant' (115945), team 'La Flama Blanca'
Insert new record for player 'Brandon Crawford', team 'La Flama Blanca'
Update record for player 'Adam LaRoche' (110133), team 'La Flama Blanca'
Update record for player 'José Reyes' (110003), team 'La Flama Blanca'
Update record for player 'Jason Heyward' (111963), team 'La Flama Blanca'
Update record for player 'Billy Hamilton' (114600), team 'La Flama Blanca'
Update record for player 'Carlos González' (110627), team 'La Flama Blanca'
Update record for player 'Matt Kemp' (110065), team 'La Flama Blanca'
Update record for player 'Chase Utley' (110004), team 'La Flama Blanca'
Insert new record for player 'Trevor Bauer', team 'La Flama Blanca'
Update record for player 'Gio González' (111651), team 'La Flama Blanca'
Update record for player 'Neftali Feliz' (111637), team 'La Flama Blanca'
Update record for player 'Trevor Rosenthal' (115282), team 'La Flama Blanca'
Update record for player 'James Shields' (110098), team 'La Flama Blanca'
Insert new record for player 'Chris Heston', team 'La Flama Blanca'
Update record for player 'Yordano Ventura' (115947), team 'La Flama Blanca'
Insert new record for player 'James Paxton', team 'La Flama Blanca'
Insert new record for player 'Drew Pomeranz', team 'La Flama Blanca'
Insert new record for player 'Danny Duffy', team 'La Flama Blanca'
Insert new record for player 'Ubaldo Jiménez', team 'La Flama Blanca'
Update record for player 'Hyun-jin Ryu' (115395), team 'La Flama Blanca'
Update record for player 'José Fernández' (115309), team 'La Flama Blanca'

Insert new record for player 'Kyle Schwarber', team 'Hindu Hammers'
Update record for player 'Víctor Martínez' (110036), team 'Hindu Hammers'
Update record for player 'Dee Gordon' (114559), team 'Hindu Hammers'
Update record for player 'Chris Davis' (111539), team 'Hindu Hammers'
Francisco Lindor (9116) was added after the deadline! SKIP
Insert new record for player 'Mark Teixeira', team 'Hindu Hammers'
Update record for player 'Mookie Betts' (115899), team 'Hindu Hammers'
Update record for player 'Charlie Blackmon' (114534), team 'Hindu Hammers'
Update record for player 'Joc Pederson' (115930), team 'Hindu Hammers'
Update record for player 'Shin-soo Choo' (110699), team 'Hindu Hammers'
Insert new record for player 'Gerardo Parra', team 'Hindu Hammers'
Insert new record for player 'Jackie Bradley Jr.', team 'Hindu Hammers'
Update record for player 'Max Scherzer' (111540), team 'Hindu Hammers'
Colby Lewis (6893) was added after the deadline! SKIP
Update record for player 'Fernando Rodney' (110412), team 'Hindu Hammers'
Update record for player 'Drew Storen' (111983), team 'Hindu Hammers'
Update record for player 'Noah Syndergaard' (115932), team 'Hindu Hammers'
Insert new record for player 'Carson Smith', team 'Hindu Hammers'
Insert new record for player 'A.J. Ramos', team 'Hindu Hammers'
Insert new record for player 'Edinson Vólquez', team 'Hindu Hammers'
Update record for player 'Michael Wacha' (115321), team 'Hindu Hammers'
Update record for player 'Jon Lester' (110268), team 'Hindu Hammers'
Insert new record for player 'Matt Garza', team 'Hindu Hammers'
Raisel Iglesias (9902) was added after the deadline! SKIP
Update record for player 'Giancarlo Stanton' (114537), team 'Hindu Hammers'
Update record for player 'Wil Myers' (114622), team 'Hindu Hammers'

Update record for player 'Brian McCann' (110077), team 'Salt Bandits'
Update record for player 'Paul Goldschmidt' (114661), team 'Salt Bandits'
Update record for player 'Neil Walker' (112036), team 'Salt Bandits'
Insert new record for player 'Álex Rodríguez', team 'Salt Bandits'
Update record for player 'Ben Zobrist' (111693), team 'Salt Bandits'
Update record for player 'Miguel Cabrera' (110006), team 'Salt Bandits'
Update record for player 'Robinson Canó' (110048), team 'Salt Bandits'
Update record for player 'Andrew McCutchen' (111630), team 'Salt Bandits'
Update record for player 'Starling Marte' (114533), team 'Salt Bandits'
Update record for player 'Corey Dickerson' (115845), team 'Salt Bandits'
Insert new record for player 'Adam Eaton', team 'Salt Bandits'
Update record for player 'Jhonny Peralta' (110145), team 'Salt Bandits'
Update record for player 'John Lackey' (110047), team 'Salt Bandits'
Tommy Milone (9035) was added after the deadline! SKIP
Update record for player 'Cody Allen' (115316), team 'Salt Bandits'
Update record for player 'Mark Melancon' (112098), team 'Salt Bandits'
Insert new record for player 'Shawn Tolleson', team 'Salt Bandits'
Update record for player 'Francisco Rodríguez' (110066), team 'Salt Bandits'
Update record for player 'Ken Giles' (116097), team 'Salt Bandits'
Erasmo Ramírez (9135) was added after the deadline! SKIP
Insert new record for player 'Wei-Yin Chen', team 'Salt Bandits'
Update record for player 'Ian Kennedy' (110622), team 'Salt Bandits'
Update record for player 'Mike Fiers' (114663), team 'Salt Bandits'
Update record for player 'David Price' (111554), team 'Salt Bandits'

Travis d'Arnaud (9096) was added after the deadline! SKIP
Update record for player 'Anthony Rizzo' (114530), team 'Beantown Demons'
Insert new record for player 'Yangervis Solarte', team 'Beantown Demons'
Eduardo Escobar (9054) was added after the deadline! SKIP
Update record for player 'Carlos Correa' (115794), team 'Beantown Demons'
Travis Shaw (9961) was added after the deadline! SKIP
Update record for player 'Troy Tulowitzki' (110050), team 'Beantown Demons'
Update record for player 'Bryce Harper' (114647), team 'Beantown Demons'
Ángel Pagán (7717) was added after the deadline! SKIP
Aaron Altherr (9734) was added after the deadline! SKIP
Kevin Pillar (9490) was added after the deadline! SKIP
Martín Prado (7737) was added after the deadline! SKIP
Update record for player 'Michael Brantley' (111975), team 'Beantown Demons'
Alexei Ramírez (8169) was added after the deadline! SKIP
Update record for player 'Johnny Cueto' (111562), team 'Beantown Demons'
Update record for player 'Cole Hamels' (110040), team 'Beantown Demons'
Update record for player 'Zach Britton' (113681), team 'Beantown Demons'
Update record for player 'Carlos Carrasco' (111625), team 'Beantown Demons'
Insert new record for player 'Roberto Osuna', team 'Beantown Demons'
Jake Peavy (6872) was added after the deadline! SKIP
J.A. Happ (8061) was added after the deadline! SKIP
Update record for player 'Jake Arrieta' (112164), team 'Beantown Demons'
Update record for player 'Stephen Strasburg' (111971), team 'Beantown Demons'
Update record for player 'Carlos Rodon' (116607), team 'Beantown Demons'
Update record for player 'Devin Mesoraco' (112909), team 'Beantown Demons'

Update record for player 'Buster Posey' (111981), team 'Al-Hammertime'
Insert new record for player 'Luis Valbuena', team 'Al-Hammertime'
Update record for player 'Ian Kinsler' (110069), team 'Al-Hammertime'
Update record for player 'Adrián Béltre' (110088), team 'Al-Hammertime'
Insert new record for player 'César Hernández', team 'Al-Hammertime'
Daniel Murphy (8314) was added after the deadline! SKIP
Update record for player 'Ian Desmond' (111997), team 'Al-Hammertime'
Update record for player 'Ryan Braun' (110014), team 'Al-Hammertime'
Update record for player 'Justin Upton' (110235), team 'Al-Hammertime'
Update record for player 'Rusney Castillo' (116540), team 'Al-Hammertime'
Insert new record for player 'Grégory Polanco', team 'Al-Hammertime'
Insert new record for player 'Maikel Franco', team 'Al-Hammertime'
Insert new record for player 'Luis Severino', team 'Al-Hammertime'
Update record for player 'Chris Archer' (114536), team 'Al-Hammertime'
Update record for player 'Brad Boxberger' (115331), team 'Al-Hammertime'
Insert new record for player 'Jeurys Familia', team 'Al-Hammertime'
Update record for player 'Santiago Casilla' (110444), team 'Al-Hammertime'
Insert new record for player 'Alex Wilson', team 'Al-Hammertime'
Tom Wilhelmsen (8883) was added after the deadline! SKIP
Update record for player 'Matt Harvey' (115409), team 'Al-Hammertime'
Update record for player 'Andrew Heaney' (115948), team 'Al-Hammertime'
Update record for player 'Patrick Corbin' (115365), team 'Al-Hammertime'
Update record for player 'Taijuan Walker' (115420), team 'Al-Hammertime'
Insert new record for player 'Aaron Nola', team 'Al-Hammertime'
Update record for player 'Matt Holliday' (110005), team 'Al-Hammertime'
Insert new record for player 'Steven Matz', team 'Al-Hammertime'

Tony Cruz (8938) was added after the deadline! SKIP
José Ramírez (9507) was added after the deadline! SKIP
Starlin Castro (8611) was added after the deadline! SKIP
Asdrubal Cabrera (7947) was added after the deadline! SKIP
Update record for player 'José Bautista' (110312), team 'BASSLAYER'
Derek Norris (8876) was added after the deadline! SKIP
Update record for player 'Lucas Duda' (114504), team 'BASSLAYER'
Update record for player 'George Springer' (115273), team 'BASSLAYER'
Khris Davis (9351) was added after the deadline! SKIP
Insert new record for player 'Mike Moustakas', team 'BASSLAYER'
Update record for player 'Joey Votto' (110198), team 'BASSLAYER'
Update record for player 'Anthony Rendón' (114639), team 'BASSLAYER'
Chris Tillman (8411) was added after the deadline! SKIP
Update record for player 'Garrett Richards' (114519), team 'BASSLAYER'
Adam Conley (9993) was added after the deadline! SKIP
Arodys Vizcaíno (8998) was added after the deadline! SKIP
Matt Moore (8873) was added after the deadline! SKIP
Matt Wisler (9619) was added after the deadline! SKIP
Robbie Ray (9691) was added after the deadline! SKIP
Update record for player 'Craig Kimbrel' (112368), team 'BASSLAYER'
Kevin Jepsen (8380) was added after the deadline! SKIP
Update record for player 'Zack Greinke' (110194), team 'BASSLAYER'
Update record for player 'Julio Teherán' (114650), team 'BASSLAYER'
Update record for player 'Masahiro Tanaka' (116044), team 'BASSLAYER'

Insert new record for player 'Stephen Vogt', team 'Steely Don'
Update record for player 'Brandon Belt' (113685), team 'Steely Don'
Update record for player 'Kolten Wong' (114673), team 'Steely Don'
Update record for player 'Kyle Seager' (114604), team 'Steely Don'
Insert new record for player 'Miguel Sano', team 'Steely Don'
Update record for player 'Xander Bogaerts' (115413), team 'Steely Don'
Update record for player 'Jason Kipnis' (113689), team 'Steely Don'
Update record for player 'Mike Trout' (114524), team 'Steely Don'
Update record for player 'Brett Gardner' (111734), team 'Steely Don'
Update record for player 'Alex Gordon' (110114), team 'Steely Don'
Update record for player 'Adam Jones' (110339), team 'Steely Don'
Insert new record for player 'Cameron Maybin', team 'Steely Don'
Update record for player 'Jonathan Lucroy' (112565), team 'Steely Don'
Insert new record for player 'Lance McCullers', team 'Steely Don'
Update record for player 'Lance Lynn' (113687), team 'Steely Don'
Update record for player 'Glen Perkins' (110653), team 'Steely Don'
Update record for player 'Andrew Miller' (110628), team 'Steely Don'
John Axford (8583) was added after the deadline! SKIP
Update record for player 'Alex Wood' (116009), team 'Steely Don'
Derek Holland (8406) was added after the deadline! SKIP
Insert new record for player 'Joe Ross', team 'Steely Don'
Update record for player 'Francisco Liriano' (110134), team 'Steely Don'
Kris Medlen (8475) was added after the deadline! SKIP
Update record for player 'Julio Urías' (115797), team 'Steely Don'
Insert new record for player 'Devon Travis', team 'Steely Don'
Update record for player 'Yu Darvish' (114625), team 'Steely Don'

