

Query Parameters: 'H & R Block   reachlocal'
Found URL 'http://www.topix.com/com/h-r-block' for CUSTID '2500195162'
Found URL 'http://www.topix.com/forum/com/hrb' for CUSTID '2500195162'
Found URL 'http://www.topix.net/com/hrb' for CUSTID '2500195162'
Found URL 'http://www.topix.net/forum/com/hrb/T795SA5VMD9LTM213' for CUSTID '2500195162'
Found URL 'http://www.topix.net/forum/com/hrb/TD559C4O65ATFA2SM' for CUSTID '2500195162'
Found URL 'http://www.topix.net/forum/com/hrb/TOTSLD0UD9BSL2LF5/p32' for CUSTID '2500195162'
Found URL 'http://www.topix.net/forum/com/hrb/TALIMLS6KMU43P4VQ' for CUSTID '2500195162'
Found URL 'http://www.topix.net/forum/city/kingston-tn/TH8ITTI0C9808I01A' for CUSTID '2500195162'
Found URL 'http://everythinggold.blogspot.com/2010/12/h-block-nysehrb-loses-hsbc-nysehbc-tax.html' for CUSTID '2500195162'
HALF match?
Found URL 'http://www.robtex.com/dns/reachlocal.net.html' for CUSTID '2500195162'
HALF match?


Query Parameters: 'Adirondack Tree Specialists Inc Wayne NJ reachlocal'
Found URL 'http://www.tukinoakari.com/item/122' for CUSTID '2501159795'
Found URL 'http://fireplaces.placedash.com/sitemap/' for CUSTID '2501159795'
Found URL 'http://www.coursehero.com/file/1581986/VendorList/' for CUSTID '2501159795'
Found URL 'http://www.coursehero.com/file/1581986/VendorList/?keepThis=true&amp;TB_iframe=true' for CUSTID '2501159795'
Found URL 'http://www.nj.gov/dep/dshw/resource/vrswallt.dbf' for CUSTID '2501159795'
Found URL 'http://www.nj.gov/dep/dshw/resource/vrswexmt.dbf' for CUSTID '2501159795'
Found URL 'http://www.pavingcontractors.org/sitemap/' for CUSTID '2501159795'
Found URL 'http://www-958.ibm.com/software/data/cognos/manyeyes/datasets/explosion-risks/versions/2.txt' for CUSTID '2501159795'
Found URL 'http://www.docstoc.com/docs/70215233/An-Adirondack-Chronology-by-The-Adirondack-Research-Library-of-the-pdf' for CUSTID '2501159795'
Found URL 'http://promotionalproducts.placedash.com/sitemap/' for CUSTID '2501159795'


Query Parameters: 'Dorman Alicia N Od Bridgewater Township NJ reachlocal'
Found URL 'http://www.ufcw1500.org/files/shared/Vision_Local_1500.pdf' for CUSTID '2501083625'
Found URL 'http://www.ufcw464a.org/health_centers' for CUSTID '2501083625'
Found URL 'http://www.docstoc.com/docs/74888536/optical_directory' for CUSTID '2501083625'
Found URL 'http://www.lookooh.com/O/New_Jersey/Opticians+&amp;+Optical+Goods+Stores.html' for CUSTID '2501083625'
Found URL 'http://www.lookooh.com/P/New_Jersey/Physicians+&amp;+Surgeons-Ophthalmology.html' for CUSTID '2501083625'
Found URL 'http://www.localhotelexplorer.com/New_Jersey_Physicians_Surgeons_MD_17.html' for CUSTID '2501083625'
Found URL 'http://www.localhotelexplorer.com/New_Jersey_Physicians_Surgeons_MD_8.html' for CUSTID '2501083625'
Found URL 'http://www.njdir.net/physicians-and-surgeons-category.htm' for CUSTID '2501083625'
Found URL 'http://www.spdfoundation.net/spdfoundation-cgi-bin/search?keepThis=true;TB_iframe=true&amp;order=city' for CUSTID '2501083625'
Found URL 'http://www.archive.org/stream/memorialgenealog00leon/memorialgenealog00leon_djvu.txt' for CUSTID '2501083625'


Query Parameters: 'Gate House Galleries Bedminster NJ reachlocal'
Found URL 'http://www.gatehousegalleries.com/' for CUSTID '2501176547'
Found URL 'http://gatehousegalleries.net/' for CUSTID '2501176547'
Found URL 'http://business.reachlocal.com/search/arts-entertainment/art-museums/NJ/Pompton_Plains/Gate_House_Frame_Co/236b780/' for CUSTID '2501176547'
HALF match?
Found URL 'http://www.turpinrealtors.com/our_properties/' for CUSTID '2501176547'
Found URL 'http://www.willmoses.com/dealers.aspx' for CUSTID '2501176547'
Found URL 'http://www.njmls.com/' for CUSTID '2501176547'
Found URL 'http://landscapeaesthetics.com/' for CUSTID '2501176547'
Found URL 'http://www.artsbridgeonline.com/' for CUSTID '2501176547'
Found URL 'http://virtualtoursofnj.com/' for CUSTID '2501176547'
Found URL 'http://pdsnj.com/' for CUSTID '2501176547'


Query Parameters: 'Valley National Bank Bogota NJ reachlocal'
Found URL 'https://www.valleynationalbank.com/' for CUSTID '2500343026'
Found URL 'http://friendseat.com/Bogota-NJ/ATMs/Valley-National-Bank' for CUSTID '2500343026'
Found URL 'http://www.bankswd.com/new-jersey/passaic-banks/valley-national-bank_9396/209329.html' for CUSTID '2500343026'
Found URL 'http://www.hoursmap.com/b/valley-national-bank-hours-bogota-nj-7603-b7707280' for CUSTID '2500343026'
Found URL 'http://www.localfinancial.net/new-jersey/bogota/steven-hille-74057.html' for CUSTID '2500343026'
Found URL 'http://www.usbanklocations.com/valley-national-bank-new-jersey.htm' for CUSTID '2500343026'
Found URL 'http://www.yrisarpino.com/' for CUSTID '2500343026'
Found URL 'http://www.faqs.org/banks/Wachovia-Bank-National-Association-33869-Charlotte-North-Carolina.html' for CUSTID '2500343026'
Found URL 'http://www.nj.gov/dobi/bankwebinfo.htm' for CUSTID '2500343026'
Found URL 'http://nj.gov/' for CUSTID '2500343026'


Query Parameters: 'Deaf Interpreter Services Inc. San Antonio TX reachlocal'
Found URL 'http://www.deaf-interpretertx.com/' for CUSTID '1'
Phone possibility: 1000021849
Phone possibility: 1329327234
Phone possibility: 2107646183
	PHONE match!
MATCH! (1, Deaf Interpreter Services Inc., San Antonio, TX, phone_match: 1, http://www.deaf-interpretertx.com/)


Query Parameters: 'Fountain Blue Pool Service Inc West Palm Beach FL reachlocal'
Found URL 'http://www.fountainblueservice.com/' for CUSTID '2'
Phone possibility: 1000017591
Phone possibility: 1684527131
Phone possibility: 5614044744
	PHONE match!
MATCH! (2, Fountain Blue Pool Service Inc, West Palm Beach, FL, phone_match: 1, http://www.fountainblueservice.com/)


Query Parameters: 'Anytime Service Wayne NJ reachlocal'
Found URL 'http://www.anytimeservicenj.com/' for CUSTID '3'
Phone possibility: 1364947597
Phone possibility: 3625633070
Phone possibility: 8628814461
	PHONE match!
MATCH! (3, Anytime Service, Wayne, NJ, phone_match: 1, http://www.anytimeservicenj.com/)


Query Parameters: 'Standard Tile  NJ reachlocal'
Found URL 'http://www.standardtilenewjersey.com/' for CUSTID '4'
Phone possibility: 1000023491
Phone possibility: 1687766698
Phone possibility: 8889030998
	PHONE match!
MATCH! (4, Standard Tile, , NJ, phone_match: 1, http://www.standardtilenewjersey.com/)


Query Parameters: 'Mister Sparky Randolph NJ reachlocal'
Found URL 'http://www.mistersparkyrandolph.com/' for CUSTID '5'
Phone possibility: 1000017046
Phone possibility: 1728196894
Phone possibility: 8884761925
	PHONE match!
MATCH! (5, Mister Sparky, Randolph, NJ, phone_match: 1, http://www.mistersparkyrandolph.com/)
Total # of reachlocal hits (reachcast): 5 (10 total)
